<?xml version="1.0" encoding="UTF-8"?>
<coverage generated="1766795471271" clover="3.2.0">
  <project timestamp="1766795471271" name="All files">
    <metrics statements="559" coveredstatements="452" conditionals="265" coveredconditionals="199" methods="172" coveredmethods="111" elements="996" coveredelements="762" complexity="0" loc="559" ncloc="559" packages="16" files="29" classes="29"/>
    <package name="api">
      <metrics statements="39" coveredstatements="12" conditionals="4" coveredconditionals="0" methods="12" coveredmethods="0"/>
      <file name="galleryApi.ts" path="C:\Users\des1d\Desktop\groupBWT\FE\src\api\galleryApi.ts">
        <metrics statements="31" coveredstatements="10" conditionals="4" coveredconditionals="0" methods="10" coveredmethods="0"/>
        <line num="1" count="1" type="stmt"/>
        <line num="42" count="1" type="stmt"/>
        <line num="53" count="0" type="stmt"/>
        <line num="54" count="0" type="stmt"/>
        <line num="55" count="0" type="cond" truecount="0" falsecount="4"/>
        <line num="58" count="0" type="stmt"/>
        <line num="59" count="0" type="stmt"/>
        <line num="62" count="1" type="stmt"/>
        <line num="63" count="0" type="stmt"/>
        <line num="64" count="0" type="stmt"/>
        <line num="67" count="1" type="stmt"/>
        <line num="68" count="0" type="stmt"/>
        <line num="69" count="0" type="stmt"/>
        <line num="72" count="1" type="stmt"/>
        <line num="73" count="0" type="stmt"/>
        <line num="74" count="0" type="stmt"/>
        <line num="77" count="1" type="stmt"/>
        <line num="78" count="0" type="stmt"/>
        <line num="79" count="0" type="stmt"/>
        <line num="82" count="1" type="stmt"/>
        <line num="87" count="0" type="stmt"/>
        <line num="90" count="0" type="stmt"/>
        <line num="93" count="1" type="stmt"/>
        <line num="94" count="0" type="stmt"/>
        <line num="95" count="0" type="stmt"/>
        <line num="98" count="1" type="stmt"/>
        <line num="99" count="0" type="stmt"/>
        <line num="100" count="0" type="stmt"/>
        <line num="103" count="1" type="stmt"/>
        <line num="104" count="0" type="stmt"/>
        <line num="105" count="0" type="stmt"/>
      </file>
      <file name="imagesApi.ts" path="C:\Users\des1d\Desktop\groupBWT\FE\src\api\imagesApi.ts">
        <metrics statements="8" coveredstatements="2" conditionals="0" coveredconditionals="0" methods="2" coveredmethods="0"/>
        <line num="1" count="1" type="stmt"/>
        <line num="13" count="1" type="stmt"/>
        <line num="14" count="0" type="stmt"/>
        <line num="15" count="0" type="stmt"/>
        <line num="16" count="0" type="stmt"/>
        <line num="18" count="0" type="stmt"/>
        <line num="19" count="0" type="stmt"/>
        <line num="25" count="0" type="stmt"/>
      </file>
    </package>
    <package name="components.routes">
      <metrics statements="12" coveredstatements="12" conditionals="4" coveredconditionals="4" methods="2" coveredmethods="2"/>
      <file name="ProtectedRoute.tsx" path="C:\Users\des1d\Desktop\groupBWT\FE\src\components\routes\ProtectedRoute.tsx">
        <metrics statements="6" coveredstatements="6" conditionals="2" coveredconditionals="2" methods="1" coveredmethods="1"/>
        <line num="1" count="1" type="stmt"/>
        <line num="7" count="1" type="stmt"/>
        <line num="8" count="3" type="stmt"/>
        <line num="10" count="3" type="cond" truecount="2" falsecount="0"/>
        <line num="11" count="2" type="stmt"/>
        <line num="14" count="1" type="stmt"/>
      </file>
      <file name="PublicRoute.tsx" path="C:\Users\des1d\Desktop\groupBWT\FE\src\components\routes\PublicRoute.tsx">
        <metrics statements="6" coveredstatements="6" conditionals="2" coveredconditionals="2" methods="1" coveredmethods="1"/>
        <line num="1" count="1" type="stmt"/>
        <line num="7" count="1" type="stmt"/>
        <line num="8" count="2" type="stmt"/>
        <line num="10" count="2" type="cond" truecount="2" falsecount="0"/>
        <line num="11" count="1" type="stmt"/>
        <line num="14" count="1" type="stmt"/>
      </file>
    </package>
    <package name="components.schemas">
      <metrics statements="26" coveredstatements="25" conditionals="22" coveredconditionals="20" methods="9" coveredmethods="9"/>
      <file name="addGallerySchema.ts" path="C:\Users\des1d\Desktop\groupBWT\FE\src\components\schemas\addGallerySchema.ts">
        <metrics statements="2" coveredstatements="2" conditionals="0" coveredconditionals="0" methods="0" coveredmethods="0"/>
        <line num="1" count="2" type="stmt"/>
        <line num="3" count="2" type="stmt"/>
      </file>
      <file name="authSchemas.ts" path="C:\Users\des1d\Desktop\groupBWT\FE\src\components\schemas\authSchemas.ts">
        <metrics statements="24" coveredstatements="23" conditionals="22" coveredconditionals="20" methods="9" coveredmethods="9"/>
        <line num="1" count="3" type="stmt"/>
        <line num="3" count="3" type="stmt"/>
        <line num="11" count="3" type="stmt"/>
        <line num="31" count="18" type="cond" truecount="4" falsecount="0"/>
        <line num="32" count="6" type="stmt"/>
        <line num="38" count="18" type="cond" truecount="4" falsecount="0"/>
        <line num="39" count="6" type="stmt"/>
        <line num="45" count="18" type="cond" truecount="4" falsecount="0"/>
        <line num="46" count="6" type="stmt"/>
        <line num="52" count="18" type="cond" truecount="4" falsecount="0"/>
        <line num="53" count="6" type="stmt"/>
        <line num="60" count="3" type="stmt"/>
        <line num="61" count="12" type="cond" truecount="2" falsecount="0"/>
        <line num="65" count="12" type="stmt"/>
        <line num="70" count="3" type="stmt"/>
        <line num="72" count="6" type="cond" truecount="2" falsecount="2"/>
        <line num="73" count="0" type="stmt"/>
        <line num="75" count="6" type="stmt"/>
        <line num="94" count="3" type="stmt"/>
        <line num="117" count="3" type="stmt"/>
        <line num="125" count="3" type="stmt"/>
        <line num="140" count="30" type="stmt"/>
        <line num="146" count="3" type="stmt"/>
        <line num="147" count="3" type="stmt"/>
      </file>
    </package>
    <package name="components.ui.auth">
      <metrics statements="17" coveredstatements="16" conditionals="47" coveredconditionals="44" methods="6" coveredmethods="5"/>
      <file name="FormInput.tsx" path="C:\Users\des1d\Desktop\groupBWT\FE\src\components\ui\auth\FormInput.tsx">
        <metrics statements="2" coveredstatements="2" conditionals="16" coveredconditionals="14" methods="1" coveredmethods="1"/>
        <line num="17" count="6" type="stmt"/>
        <line num="29" count="235" type="stmt"/>
      </file>
      <file name="FormNotification.tsx" path="C:\Users\des1d\Desktop\groupBWT\FE\src\components\ui\auth\FormNotification.tsx">
        <metrics statements="4" coveredstatements="4" conditionals="4" coveredconditionals="4" methods="1" coveredmethods="1"/>
        <line num="2" count="4" type="stmt"/>
        <line num="11" count="4" type="stmt"/>
        <line num="17" count="45" type="cond" truecount="2" falsecount="0"/>
        <line num="19" count="9" type="stmt"/>
      </file>
      <file name="FormWrapper.tsx" path="C:\Users\des1d\Desktop\groupBWT\FE\src\components\ui\auth\FormWrapper.tsx">
        <metrics statements="5" coveredstatements="4" conditionals="9" coveredconditionals="8" methods="2" coveredmethods="1"/>
        <line num="2" count="3" type="stmt"/>
        <line num="16" count="3" type="stmt"/>
        <line num="23" count="37" type="stmt"/>
        <line num="46" count="0" type="stmt"/>
        <line num="59" count="3" type="stmt"/>
      </file>
      <file name="GalleryButton.tsx" path="C:\Users\des1d\Desktop\groupBWT\FE\src\components\ui\auth\GalleryButton.tsx">
        <metrics statements="4" coveredstatements="4" conditionals="11" coveredconditionals="11" methods="1" coveredmethods="1"/>
        <line num="13" count="11" type="stmt"/>
        <line num="22" count="200" type="stmt"/>
        <line num="33" count="200" type="cond" truecount="2" falsecount="0"/>
        <line num="35" count="200" type="stmt"/>
      </file>
      <file name="SubmitButton.tsx" path="C:\Users\des1d\Desktop\groupBWT\FE\src\components\ui\auth\SubmitButton.tsx">
        <metrics statements="2" coveredstatements="2" conditionals="7" coveredconditionals="7" methods="1" coveredmethods="1"/>
        <line num="10" count="6" type="stmt"/>
        <line num="16" count="78" type="stmt"/>
      </file>
    </package>
    <package name="components.ui.button">
      <metrics statements="6" coveredstatements="6" conditionals="0" coveredconditionals="0" methods="2" coveredmethods="2"/>
      <file name="backButton.tsx" path="C:\Users\des1d\Desktop\groupBWT\FE\src\components\ui\button\backButton.tsx">
        <metrics statements="6" coveredstatements="6" conditionals="0" coveredconditionals="0" methods="2" coveredmethods="2"/>
        <line num="1" count="4" type="stmt"/>
        <line num="2" count="4" type="stmt"/>
        <line num="4" count="4" type="stmt"/>
        <line num="5" count="47" type="stmt"/>
        <line num="6" count="47" type="stmt"/>
        <line num="8" count="3" type="stmt"/>
      </file>
    </package>
    <package name="components.ui.filters">
      <metrics statements="27" coveredstatements="26" conditionals="44" coveredconditionals="37" methods="14" coveredmethods="13"/>
      <file name="GalleryFiltersPanel.tsx" path="C:\Users\des1d\Desktop\groupBWT\FE\src\components\ui\filters\GalleryFiltersPanel.tsx">
        <metrics statements="16" coveredstatements="15" conditionals="38" coveredconditionals="32" methods="9" coveredmethods="8"/>
        <line num="2" count="2" type="stmt"/>
        <line num="3" count="2" type="stmt"/>
        <line num="17" count="2" type="stmt"/>
        <line num="18" count="23" type="stmt"/>
        <line num="33" count="2" type="stmt"/>
        <line num="34" count="23" type="stmt"/>
        <line num="48" count="2" type="stmt"/>
        <line num="60" count="23" type="cond" truecount="3" falsecount="0"/>
        <line num="62" count="23" type="cond" truecount="3" falsecount="0"/>
        <line num="66" count="23" type="stmt"/>
        <line num="87" count="1" type="cond" truecount="1" falsecount="1"/>
        <line num="100" count="1" type="cond" truecount="1" falsecount="1"/>
        <line num="129" count="1" type="cond" truecount="2" falsecount="0"/>
        <line num="132" count="1" type="stmt"/>
        <line num="148" count="0" type="cond" truecount="0" falsecount="2"/>
        <line num="151" count="1" type="stmt"/>
      </file>
      <file name="GallerySort.tsx" path="C:\Users\des1d\Desktop\groupBWT\FE\src\components\ui\filters\GallerySort.tsx">
        <metrics statements="5" coveredstatements="5" conditionals="4" coveredconditionals="3" methods="3" coveredmethods="3"/>
        <line num="2" count="2" type="stmt"/>
        <line num="14" count="2" type="stmt"/>
        <line num="20" count="19" type="cond" truecount="1" falsecount="1"/>
        <line num="21" count="19" type="stmt"/>
        <line num="26" count="1" type="stmt"/>
      </file>
      <file name="Search.tsx" path="C:\Users\des1d\Desktop\groupBWT\FE\src\components\ui\filters\Search.tsx">
        <metrics statements="6" coveredstatements="6" conditionals="2" coveredconditionals="2" methods="2" coveredmethods="2"/>
        <line num="2" count="2" type="stmt"/>
        <line num="3" count="2" type="stmt"/>
        <line num="11" count="2" type="stmt"/>
        <line num="12" count="19" type="stmt"/>
        <line num="17" count="2" type="stmt"/>
        <line num="29" count="2" type="stmt"/>
      </file>
    </package>
    <package name="components.ui.input">
      <metrics statements="5" coveredstatements="5" conditionals="10" coveredconditionals="10" methods="3" coveredmethods="3"/>
      <file name="CustomFileInput.tsx" path="C:\Users\des1d\Desktop\groupBWT\FE\src\components\ui\input\CustomFileInput.tsx">
        <metrics statements="3" coveredstatements="3" conditionals="2" coveredconditionals="2" methods="2" coveredmethods="2"/>
        <line num="10" count="3" type="stmt"/>
        <line num="16" count="15" type="stmt"/>
        <line num="24" count="6" type="cond" truecount="2" falsecount="0"/>
      </file>
      <file name="CustomInput.tsx" path="C:\Users\des1d\Desktop\groupBWT\FE\src\components\ui\input\CustomInput.tsx">
        <metrics statements="2" coveredstatements="2" conditionals="8" coveredconditionals="8" methods="1" coveredmethods="1"/>
        <line num="9" count="4" type="stmt"/>
        <line num="15" count="117" type="stmt"/>
      </file>
    </package>
    <package name="components.ui.modal">
      <metrics statements="35" coveredstatements="35" conditionals="26" coveredconditionals="23" methods="10" coveredmethods="10"/>
      <file name="ImageTransferModal.tsx" path="C:\Users\des1d\Desktop\groupBWT\FE\src\components\ui\modal\ImageTransferModal.tsx">
        <metrics statements="10" coveredstatements="10" conditionals="12" coveredconditionals="9" methods="4" coveredmethods="4"/>
        <line num="2" count="2" type="stmt"/>
        <line num="16" count="2" type="stmt"/>
        <line num="27" count="14" type="cond" truecount="2" falsecount="0"/>
        <line num="30" count="5" type="cond" truecount="1" falsecount="1"/>
        <line num="34" count="5" type="cond" truecount="1" falsecount="1"/>
        <line num="35" count="5" type="cond" truecount="1" falsecount="1"/>
        <line num="37" count="5" type="stmt"/>
        <line num="43" count="1" type="stmt"/>
        <line num="47" count="15" type="stmt"/>
        <line num="49" count="10" type="stmt"/>
      </file>
      <file name="UploadImagesModal.tsx" path="C:\Users\des1d\Desktop\groupBWT\FE\src\components\ui\modal\UploadImagesModal.tsx">
        <metrics statements="22" coveredstatements="22" conditionals="14" coveredconditionals="14" methods="5" coveredmethods="5"/>
        <line num="1" count="2" type="stmt"/>
        <line num="2" count="2" type="stmt"/>
        <line num="5" count="2" type="stmt"/>
        <line num="6" count="2" type="stmt"/>
        <line num="18" count="2" type="stmt"/>
        <line num="27" count="17" type="cond" truecount="2" falsecount="0"/>
        <line num="28" count="9" type="stmt"/>
        <line num="29" count="9" type="stmt"/>
        <line num="31" count="9" type="stmt"/>
        <line num="47" count="3" type="stmt"/>
        <line num="48" count="3" type="stmt"/>
        <line num="49" count="3" type="cond" truecount="2" falsecount="0"/>
        <line num="50" count="1" type="stmt"/>
        <line num="56" count="1" type="stmt"/>
        <line num="59" count="2" type="cond" truecount="2" falsecount="0"/>
        <line num="60" count="1" type="stmt"/>
        <line num="66" count="1" type="stmt"/>
        <line num="69" count="1" type="stmt"/>
        <line num="75" count="3" type="cond" truecount="2" falsecount="0"/>
        <line num="76" count="1" type="stmt"/>
        <line num="94" count="4" type="stmt"/>
        <line num="106" count="1" type="stmt"/>
      </file>
      <file name="corfirmDelete.tsx" path="C:\Users\des1d\Desktop\groupBWT\FE\src\components\ui\modal\corfirmDelete.tsx">
        <metrics statements="3" coveredstatements="3" conditionals="0" coveredconditionals="0" methods="1" coveredmethods="1"/>
        <line num="1" count="3" type="stmt"/>
        <line num="9" count="3" type="stmt"/>
        <line num="10" count="9" type="stmt"/>
      </file>
    </package>
    <package name="lib">
      <metrics statements="30" coveredstatements="29" conditionals="14" coveredconditionals="11" methods="6" coveredmethods="5"/>
      <file name="axios.ts" path="C:\Users\des1d\Desktop\groupBWT\FE\src\lib\axios.ts">
        <metrics statements="21" coveredstatements="20" conditionals="8" coveredconditionals="6" methods="4" coveredmethods="3"/>
        <line num="1" count="4" type="stmt"/>
        <line num="3" count="4" type="stmt"/>
        <line num="8" count="4" type="stmt"/>
        <line num="10" count="3" type="stmt"/>
        <line num="12" count="3" type="stmt"/>
        <line num="13" count="3" type="cond" truecount="2" falsecount="0"/>
        <line num="14" count="2" type="stmt"/>
        <line num="16" count="3" type="stmt"/>
        <line num="19" count="0" type="stmt"/>
        <line num="23" count="4" type="stmt"/>
        <line num="25" count="2" type="stmt"/>
        <line num="26" count="2" type="stmt"/>
        <line num="29" count="1" type="stmt"/>
        <line num="35" count="1" type="cond" truecount="1" falsecount="1"/>
        <line num="36" count="1" type="stmt"/>
        <line num="37" count="1" type="stmt"/>
        <line num="38" count="1" type="stmt"/>
        <line num="39" count="1" type="cond" truecount="1" falsecount="1"/>
        <line num="43" count="1" type="stmt"/>
        <line num="47" count="1" type="stmt"/>
        <line num="51" count="4" type="stmt"/>
      </file>
      <file name="getFileUrl.ts" path="C:\Users\des1d\Desktop\groupBWT\FE\src\lib\getFileUrl.ts">
        <metrics statements="9" coveredstatements="9" conditionals="6" coveredconditionals="5" methods="2" coveredmethods="2"/>
        <line num="1" count="2" type="stmt"/>
        <line num="3" count="2" type="stmt"/>
        <line num="4" count="2" type="stmt"/>
        <line num="6" count="2" type="cond" truecount="1" falsecount="1"/>
        <line num="8" count="2" type="stmt"/>
        <line num="11" count="2" type="stmt"/>
        <line num="12" count="21" type="cond" truecount="2" falsecount="0"/>
        <line num="14" count="4" type="cond" truecount="2" falsecount="0"/>
        <line num="18" count="4" type="stmt"/>
      </file>
    </package>
    <package name="pages.auth.login">
      <metrics statements="34" coveredstatements="29" conditionals="4" coveredconditionals="1" methods="10" coveredmethods="6"/>
      <file name="login.tsx" path="C:\Users\des1d\Desktop\groupBWT\FE\src\pages\auth\login\login.tsx">
        <metrics statements="34" coveredstatements="29" conditionals="4" coveredconditionals="1" methods="10" coveredmethods="6"/>
        <line num="1" count="1" type="stmt"/>
        <line num="2" count="1" type="stmt"/>
        <line num="3" count="1" type="stmt"/>
        <line num="4" count="1" type="stmt"/>
        <line num="5" count="1" type="stmt"/>
        <line num="6" count="1" type="stmt"/>
        <line num="7" count="1" type="stmt"/>
        <line num="9" count="1" type="stmt"/>
        <line num="10" count="1" type="stmt"/>
        <line num="11" count="1" type="stmt"/>
        <line num="12" count="1" type="stmt"/>
        <line num="14" count="1" type="stmt"/>
        <line num="15" count="9" type="stmt"/>
        <line num="21" count="9" type="stmt"/>
        <line num="26" count="9" type="stmt"/>
        <line num="32" count="9" type="stmt"/>
        <line num="35" count="1" type="stmt"/>
        <line num="36" count="1" type="stmt"/>
        <line num="41" count="1" type="stmt"/>
        <line num="44" count="1" type="stmt"/>
        <line num="52" count="9" type="stmt"/>
        <line num="53" count="3" type="stmt"/>
        <line num="56" count="9" type="stmt"/>
        <line num="57" count="3" type="stmt"/>
        <line num="58" count="3" type="stmt"/>
        <line num="59" count="3" type="stmt"/>
        <line num="62" count="9" type="stmt"/>
        <line num="63" count="0" type="cond" truecount="0" falsecount="2"/>
        <line num="64" count="0" type="stmt"/>
        <line num="65" count="0" type="stmt"/>
        <line num="69" count="9" type="stmt"/>
        <line num="75" count="0" type="stmt"/>
        <line num="85" count="0" type="stmt"/>
        <line num="120" count="1" type="stmt"/>
      </file>
    </package>
    <package name="pages.auth.register">
      <metrics statements="30" coveredstatements="27" conditionals="4" coveredconditionals="2" methods="9" coveredmethods="6"/>
      <file name="register.tsx" path="C:\Users\des1d\Desktop\groupBWT\FE\src\pages\auth\register\register.tsx">
        <metrics statements="30" coveredstatements="27" conditionals="4" coveredconditionals="2" methods="9" coveredmethods="6"/>
        <line num="1" count="1" type="stmt"/>
        <line num="2" count="1" type="stmt"/>
        <line num="3" count="1" type="stmt"/>
        <line num="4" count="1" type="stmt"/>
        <line num="5" count="1" type="stmt"/>
        <line num="6" count="1" type="stmt"/>
        <line num="7" count="1" type="stmt"/>
        <line num="9" count="1" type="stmt"/>
        <line num="10" count="1" type="stmt"/>
        <line num="11" count="1" type="stmt"/>
        <line num="12" count="1" type="stmt"/>
        <line num="14" count="1" type="stmt"/>
        <line num="15" count="11" type="stmt"/>
        <line num="21" count="11" type="stmt"/>
        <line num="26" count="10" type="stmt"/>
        <line num="32" count="10" type="stmt"/>
        <line num="35" count="1" type="stmt"/>
        <line num="36" count="1" type="stmt"/>
        <line num="41" count="1" type="stmt"/>
        <line num="44" count="1" type="stmt"/>
        <line num="52" count="10" type="stmt"/>
        <line num="53" count="2" type="cond" truecount="1" falsecount="1"/>
        <line num="54" count="0" type="stmt"/>
        <line num="57" count="2" type="stmt"/>
        <line num="65" count="2" type="stmt"/>
        <line num="68" count="10" type="stmt"/>
        <line num="74" count="0" type="stmt"/>
        <line num="83" count="0" type="stmt"/>
        <line num="88" count="50" type="stmt"/>
        <line num="112" count="1" type="stmt"/>
      </file>
    </package>
    <package name="pages.gallery">
      <metrics statements="77" coveredstatements="66" conditionals="21" coveredconditionals="15" methods="24" coveredmethods="17"/>
      <file name="gallery.tsx" path="C:\Users\des1d\Desktop\groupBWT\FE\src\pages\gallery\gallery.tsx">
        <metrics statements="77" coveredstatements="66" conditionals="21" coveredconditionals="15" methods="24" coveredmethods="17"/>
        <line num="1" count="1" type="stmt"/>
        <line num="3" count="1" type="stmt"/>
        <line num="4" count="1" type="stmt"/>
        <line num="5" count="1" type="stmt"/>
        <line num="6" count="1" type="stmt"/>
        <line num="7" count="1" type="stmt"/>
        <line num="8" count="1" type="stmt"/>
        <line num="9" count="1" type="stmt"/>
        <line num="10" count="1" type="stmt"/>
        <line num="11" count="1" type="stmt"/>
        <line num="12" count="1" type="stmt"/>
        <line num="14" count="1" type="stmt"/>
        <line num="15" count="28" type="stmt"/>
        <line num="16" count="28" type="stmt"/>
        <line num="17" count="28" type="stmt"/>
        <line num="18" count="28" type="stmt"/>
        <line num="19" count="28" type="stmt"/>
        <line num="20" count="28" type="stmt"/>
        <line num="23" count="28" type="stmt"/>
        <line num="24" count="28" type="stmt"/>
        <line num="27" count="28" type="stmt"/>
        <line num="28" count="28" type="stmt"/>
        <line num="29" count="28" type="stmt"/>
        <line num="30" count="28" type="stmt"/>
        <line num="31" count="28" type="stmt"/>
        <line num="32" count="28" type="stmt"/>
        <line num="33" count="28" type="stmt"/>
        <line num="35" count="28" type="stmt"/>
        <line num="36" count="8" type="stmt"/>
        <line num="37" count="8" type="stmt"/>
        <line num="40" count="28" type="stmt"/>
        <line num="41" count="8" type="stmt"/>
        <line num="44" count="28" type="stmt"/>
        <line num="57" count="10" type="stmt"/>
        <line num="68" count="40" type="stmt"/>
        <line num="71" count="28" type="stmt"/>
        <line num="72" count="1" type="stmt"/>
        <line num="74" count="1" type="stmt"/>
        <line num="75" count="1" type="cond" truecount="1" falsecount="1"/>
        <line num="76" count="1" type="cond" truecount="2" falsecount="2"/>
        <line num="77" count="0" type="stmt"/>
        <line num="80" count="1" type="stmt"/>
        <line num="81" count="1" type="stmt"/>
        <line num="84" count="0" type="stmt"/>
        <line num="88" count="28" type="stmt"/>
        <line num="89" count="1" type="stmt"/>
        <line num="90" count="1" type="stmt"/>
        <line num="93" count="28" type="stmt"/>
        <line num="94" count="1" type="cond" truecount="1" falsecount="1"/>
        <line num="95" count="1" type="stmt"/>
        <line num="99" count="28" type="stmt"/>
        <line num="100" count="0" type="stmt"/>
        <line num="101" count="0" type="stmt"/>
        <line num="103" count="28" type="stmt"/>
        <line num="104" count="1" type="stmt"/>
        <line num="105" count="1" type="stmt"/>
        <line num="106" count="1" type="stmt"/>
        <line num="107" count="1" type="stmt"/>
        <line num="108" count="1" type="stmt"/>
        <line num="111" count="28" type="stmt"/>
        <line num="112" count="0" type="stmt"/>
        <line num="113" count="0" type="stmt"/>
        <line num="116" count="28" type="cond" truecount="4" falsecount="0"/>
        <line num="117" count="7" type="stmt"/>
        <line num="124" count="21" type="stmt"/>
        <line num="142" count="0" type="stmt"/>
        <line num="174" count="0" type="stmt"/>
        <line num="184" count="1" type="stmt"/>
        <line num="206" count="1" type="stmt"/>
        <line num="221" count="42" type="stmt"/>
        <line num="225" count="0" type="stmt"/>
        <line num="230" count="1" type="stmt"/>
        <line num="241" count="0" type="stmt"/>
        <line num="242" count="0" type="stmt"/>
        <line num="249" count="1" type="stmt"/>
        <line num="250" count="1" type="stmt"/>
        <line num="302" count="1" type="stmt"/>
      </file>
    </package>
    <package name="pages.gallery.add">
      <metrics statements="23" coveredstatements="23" conditionals="0" coveredconditionals="0" methods="4" coveredmethods="4"/>
      <file name="addGallery.tsx" path="C:\Users\des1d\Desktop\groupBWT\FE\src\pages\gallery\add\addGallery.tsx">
        <metrics statements="23" coveredstatements="23" conditionals="0" coveredconditionals="0" methods="4" coveredmethods="4"/>
        <line num="1" count="1" type="stmt"/>
        <line num="2" count="1" type="stmt"/>
        <line num="3" count="1" type="stmt"/>
        <line num="4" count="1" type="stmt"/>
        <line num="5" count="1" type="stmt"/>
        <line num="9" count="1" type="stmt"/>
        <line num="10" count="1" type="stmt"/>
        <line num="11" count="1" type="stmt"/>
        <line num="12" count="1" type="stmt"/>
        <line num="14" count="1" type="stmt"/>
        <line num="15" count="13" type="stmt"/>
        <line num="16" count="13" type="stmt"/>
        <line num="17" count="13" type="stmt"/>
        <line num="39" count="13" type="stmt"/>
        <line num="44" count="13" type="stmt"/>
        <line num="47" count="1" type="stmt"/>
        <line num="48" count="1" type="stmt"/>
        <line num="49" count="1" type="stmt"/>
        <line num="53" count="13" type="stmt"/>
        <line num="54" count="2" type="stmt"/>
        <line num="57" count="13" type="stmt"/>
        <line num="70" count="26" type="stmt"/>
        <line num="99" count="1" type="stmt"/>
      </file>
    </package>
    <package name="pages.gallery.details">
      <metrics statements="126" coveredstatements="70" conditionals="47" coveredconditionals="18" methods="45" coveredmethods="13"/>
      <file name="detailsGallery.tsx" path="C:\Users\des1d\Desktop\groupBWT\FE\src\pages\gallery\details\detailsGallery.tsx">
        <metrics statements="126" coveredstatements="70" conditionals="47" coveredconditionals="18" methods="45" coveredmethods="13"/>
        <line num="1" count="1" type="stmt"/>
        <line num="2" count="1" type="stmt"/>
        <line num="10" count="1" type="stmt"/>
        <line num="15" count="1" type="stmt"/>
        <line num="16" count="1" type="stmt"/>
        <line num="17" count="1" type="stmt"/>
        <line num="24" count="1" type="stmt"/>
        <line num="26" count="1" type="stmt"/>
        <line num="33" count="1" type="stmt"/>
        <line num="34" count="1" type="stmt"/>
        <line num="35" count="1" type="stmt"/>
        <line num="36" count="1" type="stmt"/>
        <line num="37" count="1" type="stmt"/>
        <line num="39" count="1" type="stmt"/>
        <line num="40" count="17" type="stmt"/>
        <line num="41" count="17" type="stmt"/>
        <line num="42" count="17" type="stmt"/>
        <line num="43" count="17" type="stmt"/>
        <line num="44" count="17" type="stmt"/>
        <line num="45" count="17" type="stmt"/>
        <line num="46" count="17" type="stmt"/>
        <line num="47" count="17" type="stmt"/>
        <line num="48" count="17" type="stmt"/>
        <line num="57" count="17" type="stmt"/>
        <line num="58" count="17" type="stmt"/>
        <line num="59" count="17" type="stmt"/>
        <line num="61" count="17" type="stmt"/>
        <line num="67" count="17" type="stmt"/>
        <line num="69" count="5" type="stmt"/>
        <line num="73" count="17" type="stmt"/>
        <line num="75" count="5" type="stmt"/>
        <line num="76" count="25" type="stmt"/>
        <line num="83" count="17" type="stmt"/>
        <line num="85" count="5" type="stmt"/>
        <line num="86" count="42" type="stmt"/>
        <line num="91" count="17" type="stmt"/>
        <line num="92" count="1" type="stmt"/>
        <line num="94" count="1" type="stmt"/>
        <line num="98" count="1" type="cond" truecount="3" falsecount="3"/>
        <line num="99" count="0" type="stmt"/>
        <line num="102" count="1" type="stmt"/>
        <line num="103" count="1" type="stmt"/>
        <line num="106" count="0" type="stmt"/>
        <line num="109" count="17" type="stmt"/>
        <line num="111" count="0" type="stmt"/>
        <line num="114" count="0" type="stmt"/>
        <line num="117" count="0" type="stmt"/>
        <line num="122" count="0" type="stmt"/>
        <line num="123" count="0" type="stmt"/>
        <line num="126" count="0" type="stmt"/>
        <line num="134" count="17" type="stmt"/>
        <line num="136" count="0" type="stmt"/>
        <line num="138" count="0" type="stmt"/>
        <line num="141" count="0" type="stmt"/>
        <line num="145" count="0" type="stmt"/>
        <line num="146" count="0" type="cond" truecount="0" falsecount="6"/>
        <line num="147" count="0" type="stmt"/>
        <line num="150" count="0" type="stmt"/>
        <line num="151" count="0" type="stmt"/>
        <line num="154" count="0" type="stmt"/>
        <line num="158" count="17" type="stmt"/>
        <line num="160" count="0" type="stmt"/>
        <line num="162" count="0" type="stmt"/>
        <line num="165" count="0" type="stmt"/>
        <line num="168" count="0" type="stmt"/>
        <line num="172" count="17" type="stmt"/>
        <line num="173" count="0" type="stmt"/>
        <line num="177" count="0" type="stmt"/>
        <line num="178" count="0" type="cond" truecount="0" falsecount="6"/>
        <line num="179" count="0" type="stmt"/>
        <line num="182" count="0" type="stmt"/>
        <line num="185" count="17" type="stmt"/>
        <line num="186" count="2" type="stmt"/>
        <line num="187" count="2" type="stmt"/>
        <line num="190" count="17" type="stmt"/>
        <line num="191" count="0" type="stmt"/>
        <line num="192" count="0" type="stmt"/>
        <line num="195" count="17" type="stmt"/>
        <line num="196" count="1" type="cond" truecount="1" falsecount="1"/>
        <line num="197" count="1" type="stmt"/>
        <line num="200" count="17" type="stmt"/>
        <line num="201" count="0" type="stmt"/>
        <line num="208" count="17" type="stmt"/>
        <line num="209" count="0" type="stmt"/>
        <line num="214" count="0" type="stmt"/>
        <line num="217" count="17" type="stmt"/>
        <line num="218" count="0" type="cond" truecount="0" falsecount="4"/>
        <line num="219" count="0" type="stmt"/>
        <line num="224" count="0" type="cond" truecount="0" falsecount="2"/>
        <line num="225" count="0" type="stmt"/>
        <line num="227" count="0" type="stmt"/>
        <line num="232" count="17" type="cond" truecount="2" falsecount="0"/>
        <line num="233" count="5" type="stmt"/>
        <line num="236" count="12" type="cond" truecount="2" falsecount="0"/>
        <line num="237" count="4" type="stmt"/>
        <line num="240" count="8" type="cond" truecount="1" falsecount="1"/>
        <line num="241" count="0" type="stmt"/>
        <line num="244" count="8" type="stmt"/>
        <line num="245" count="8" type="cond" truecount="1" falsecount="1"/>
        <line num="246" count="8" type="cond" truecount="2" falsecount="0"/>
        <line num="248" count="8" type="stmt"/>
        <line num="257" count="0" type="stmt"/>
        <line num="282" count="0" type="stmt"/>
        <line num="283" count="0" type="stmt"/>
        <line num="291" count="1" type="stmt"/>
        <line num="292" count="1" type="stmt"/>
        <line num="304" count="16" type="stmt"/>
        <line num="307" count="0" type="stmt"/>
        <line num="317" count="0" type="stmt"/>
        <line num="318" count="0" type="stmt"/>
        <line num="325" count="0" type="stmt"/>
        <line num="326" count="0" type="stmt"/>
        <line num="333" count="2" type="stmt"/>
        <line num="334" count="2" type="stmt"/>
        <line num="360" count="0" type="stmt"/>
        <line num="366" count="0" type="stmt"/>
        <line num="387" count="0" type="stmt"/>
        <line num="388" count="0" type="stmt"/>
        <line num="389" count="0" type="stmt"/>
        <line num="391" count="0" type="stmt"/>
        <line num="393" count="0" type="stmt"/>
        <line num="394" count="0" type="stmt"/>
        <line num="397" count="0" type="cond" truecount="0" falsecount="2"/>
        <line num="399" count="0" type="stmt"/>
        <line num="400" count="0" type="stmt"/>
        <line num="421" count="1" type="stmt"/>
      </file>
    </package>
    <package name="pages.gallery.edit">
      <metrics statements="31" coveredstatements="31" conditionals="4" coveredconditionals="3" methods="7" coveredmethods="7"/>
      <file name="editGallery.tsx" path="C:\Users\des1d\Desktop\groupBWT\FE\src\pages\gallery\edit\editGallery.tsx">
        <metrics statements="31" coveredstatements="31" conditionals="4" coveredconditionals="3" methods="7" coveredmethods="7"/>
        <line num="1" count="1" type="stmt"/>
        <line num="2" count="1" type="stmt"/>
        <line num="3" count="1" type="stmt"/>
        <line num="9" count="1" type="stmt"/>
        <line num="10" count="1" type="stmt"/>
        <line num="11" count="1" type="stmt"/>
        <line num="12" count="1" type="stmt"/>
        <line num="16" count="1" type="stmt"/>
        <line num="17" count="1" type="stmt"/>
        <line num="18" count="1" type="stmt"/>
        <line num="20" count="1" type="stmt"/>
        <line num="21" count="22" type="stmt"/>
        <line num="22" count="22" type="stmt"/>
        <line num="23" count="22" type="stmt"/>
        <line num="26" count="22" type="stmt"/>
        <line num="43" count="22" type="stmt"/>
        <line num="45" count="6" type="stmt"/>
        <line num="54" count="22" type="stmt"/>
        <line num="59" count="22" type="stmt"/>
        <line num="61" count="2" type="stmt"/>
        <line num="63" count="2" type="stmt"/>
        <line num="64" count="2" type="stmt"/>
        <line num="68" count="22" type="stmt"/>
        <line num="69" count="2" type="cond" truecount="1" falsecount="1"/>
        <line num="70" count="2" type="stmt"/>
        <line num="76" count="22" type="stmt"/>
        <line num="77" count="11" type="cond" truecount="2" falsecount="0"/>
        <line num="78" count="5" type="stmt"/>
        <line num="85" count="22" type="stmt"/>
        <line num="98" count="44" type="stmt"/>
        <line num="127" count="1" type="stmt"/>
      </file>
    </package>
    <package name="pages.profile">
      <metrics statements="41" coveredstatements="40" conditionals="14" coveredconditionals="11" methods="9" coveredmethods="9"/>
      <file name="profile.tsx" path="C:\Users\des1d\Desktop\groupBWT\FE\src\pages\profile\profile.tsx">
        <metrics statements="41" coveredstatements="40" conditionals="14" coveredconditionals="11" methods="9" coveredmethods="9"/>
        <line num="1" count="1" type="stmt"/>
        <line num="2" count="1" type="stmt"/>
        <line num="3" count="1" type="stmt"/>
        <line num="4" count="1" type="stmt"/>
        <line num="5" count="1" type="stmt"/>
        <line num="6" count="1" type="stmt"/>
        <line num="8" count="1" type="stmt"/>
        <line num="9" count="1" type="stmt"/>
        <line num="10" count="1" type="stmt"/>
        <line num="11" count="1" type="stmt"/>
        <line num="13" count="1" type="stmt"/>
        <line num="14" count="30" type="stmt"/>
        <line num="15" count="30" type="stmt"/>
        <line num="17" count="30" type="stmt"/>
        <line num="28" count="30" type="stmt"/>
        <line num="33" count="30" type="stmt"/>
        <line num="39" count="30" type="stmt"/>
        <line num="40" count="12" type="cond" truecount="2" falsecount="0"/>
        <line num="41" count="6" type="stmt"/>
        <line num="48" count="6" type="stmt"/>
        <line num="49" count="6" type="stmt"/>
        <line num="53" count="30" type="stmt"/>
        <line num="55" count="4" type="stmt"/>
        <line num="57" count="3" type="stmt"/>
        <line num="58" count="3" type="stmt"/>
        <line num="60" count="3" type="cond" truecount="4" falsecount="0"/>
        <line num="61" count="1" type="stmt"/>
        <line num="67" count="2" type="stmt"/>
        <line num="72" count="2" type="stmt"/>
        <line num="80" count="1" type="stmt"/>
        <line num="88" count="30" type="stmt"/>
        <line num="89" count="4" type="stmt"/>
        <line num="95" count="4" type="cond" truecount="2" falsecount="2"/>
        <line num="96" count="0" type="stmt"/>
        <line num="99" count="4" type="stmt"/>
        <line num="102" count="30" type="cond" truecount="2" falsecount="0"/>
        <line num="103" count="12" type="stmt"/>
        <line num="110" count="18" type="stmt"/>
        <line num="116" count="1" type="stmt"/>
        <line num="126" count="90" type="stmt"/>
        <line num="156" count="1" type="stmt"/>
      </file>
    </package>
  </project>
</coverage>
