{"C:\\Users\\des1d\\Desktop\\groupBWT\\FE\\src\\api\\galleryApi.ts": {"path":"C:\\Users\\des1d\\Desktop\\groupBWT\\FE\\src\\api\\galleryApi.ts","statementMap":{"0":{"start":{"line":1,"column":0},"end":{"line":1,"column":30}},"1":{"start":{"line":42,"column":33},"end":{"line":60,"column":1}},"2":{"start":{"line":53,"column":16},"end":{"line":53,"column":37}},"3":{"start":{"line":54,"column":2},"end":{"line":56,"column":5}},"4":{"start":{"line":55,"column":4},"end":{"line":55,"column":80}},"5":{"start":{"line":55,"column":47},"end":{"line":55,"column":80}},"6":{"start":{"line":58,"column":19},"end":{"line":58,"column":78}},"7":{"start":{"line":59,"column":2},"end":{"line":59,"column":23}},"8":{"start":{"line":42,"column":13},"end":{"line":42,"column":33}},"9":{"start":{"line":62,"column":32},"end":{"line":65,"column":1}},"10":{"start":{"line":63,"column":19},"end":{"line":63,"column":55}},"11":{"start":{"line":64,"column":2},"end":{"line":64,"column":18}},"12":{"start":{"line":62,"column":13},"end":{"line":62,"column":32}},"13":{"start":{"line":67,"column":29},"end":{"line":70,"column":1}},"14":{"start":{"line":68,"column":19},"end":{"line":68,"column":53}},"15":{"start":{"line":69,"column":2},"end":{"line":69,"column":23}},"16":{"start":{"line":67,"column":13},"end":{"line":67,"column":29}},"17":{"start":{"line":72,"column":29},"end":{"line":75,"column":1}},"18":{"start":{"line":73,"column":19},"end":{"line":73,"column":52}},"19":{"start":{"line":74,"column":2},"end":{"line":74,"column":23}},"20":{"start":{"line":72,"column":13},"end":{"line":72,"column":29}},"21":{"start":{"line":77,"column":30},"end":{"line":80,"column":1}},"22":{"start":{"line":78,"column":19},"end":{"line":78,"column":60}},"23":{"start":{"line":79,"column":2},"end":{"line":79,"column":23}},"24":{"start":{"line":77,"column":13},"end":{"line":77,"column":30}},"25":{"start":{"line":82,"column":25},"end":{"line":91,"column":1}},"26":{"start":{"line":87,"column":19},"end":{"line":88,"column":null}},"27":{"start":{"line":90,"column":2},"end":{"line":90,"column":18}},"28":{"start":{"line":82,"column":13},"end":{"line":82,"column":25}},"29":{"start":{"line":93,"column":30},"end":{"line":96,"column":1}},"30":{"start":{"line":94,"column":19},"end":{"line":94,"column":64}},"31":{"start":{"line":95,"column":2},"end":{"line":95,"column":18}},"32":{"start":{"line":93,"column":13},"end":{"line":93,"column":30}},"33":{"start":{"line":98,"column":25},"end":{"line":101,"column":1}},"34":{"start":{"line":99,"column":19},"end":{"line":99,"column":75}},"35":{"start":{"line":100,"column":2},"end":{"line":100,"column":18}},"36":{"start":{"line":98,"column":13},"end":{"line":98,"column":25}},"37":{"start":{"line":103,"column":25},"end":{"line":106,"column":1}},"38":{"start":{"line":104,"column":19},"end":{"line":104,"column":75}},"39":{"start":{"line":105,"column":2},"end":{"line":105,"column":18}},"40":{"start":{"line":103,"column":13},"end":{"line":103,"column":25}}},"fnMap":{"0":{"name":"(anonymous_1)","decl":{"start":{"line":42,"column":33},"end":{"line":42,"column":38}},"loc":{"start":{"line":52,"column":5},"end":{"line":60,"column":1}}},"1":{"name":"(anonymous_2)","decl":{"start":{"line":54,"column":33},"end":{"line":54,"column":34}},"loc":{"start":{"line":54,"column":50},"end":{"line":56,"column":3}}},"2":{"name":"(anonymous_3)","decl":{"start":{"line":62,"column":32},"end":{"line":62,"column":37}},"loc":{"start":{"line":62,"column":53},"end":{"line":65,"column":1}}},"3":{"name":"(anonymous_4)","decl":{"start":{"line":67,"column":29},"end":{"line":67,"column":34}},"loc":{"start":{"line":67,"column":59},"end":{"line":70,"column":1}}},"4":{"name":"(anonymous_5)","decl":{"start":{"line":72,"column":29},"end":{"line":72,"column":34}},"loc":{"start":{"line":72,"column":50},"end":{"line":75,"column":1}}},"5":{"name":"(anonymous_6)","decl":{"start":{"line":77,"column":30},"end":{"line":77,"column":35}},"loc":{"start":{"line":77,"column":72},"end":{"line":80,"column":1}}},"6":{"name":"(anonymous_7)","decl":{"start":{"line":82,"column":25},"end":{"line":82,"column":30}},"loc":{"start":{"line":86,"column":4},"end":{"line":91,"column":1}}},"7":{"name":"(anonymous_8)","decl":{"start":{"line":93,"column":30},"end":{"line":93,"column":35}},"loc":{"start":{"line":93,"column":51},"end":{"line":96,"column":1}}},"8":{"name":"(anonymous_9)","decl":{"start":{"line":98,"column":25},"end":{"line":98,"column":30}},"loc":{"start":{"line":98,"column":65},"end":{"line":101,"column":1}}},"9":{"name":"(anonymous_10)","decl":{"start":{"line":103,"column":25},"end":{"line":103,"column":30}},"loc":{"start":{"line":103,"column":65},"end":{"line":106,"column":1}}}},"branchMap":{"0":{"loc":{"start":{"line":55,"column":4},"end":{"line":55,"column":80}},"type":"if","locations":[{"start":{"line":55,"column":4},"end":{"line":55,"column":80}},{"start":{},"end":{}}]},"1":{"loc":{"start":{"line":55,"column":8},"end":{"line":55,"column":45}},"type":"binary-expr","locations":[{"start":{"line":55,"column":8},"end":{"line":55,"column":27}},{"start":{"line":55,"column":31},"end":{"line":55,"column":45}}]}},"s":{"0":1,"1":1,"2":0,"3":0,"4":0,"5":0,"6":0,"7":0,"8":1,"9":1,"10":0,"11":0,"12":1,"13":1,"14":0,"15":0,"16":1,"17":1,"18":0,"19":0,"20":1,"21":1,"22":0,"23":0,"24":1,"25":1,"26":0,"27":0,"28":1,"29":1,"30":0,"31":0,"32":1,"33":1,"34":0,"35":0,"36":1,"37":1,"38":0,"39":0,"40":1},"f":{"0":0,"1":0,"2":0,"3":0,"4":0,"5":0,"6":0,"7":0,"8":0,"9":0},"b":{"0":[0,0],"1":[0,0]}}
,"C:\\Users\\des1d\\Desktop\\groupBWT\\FE\\src\\api\\imagesApi.ts": {"path":"C:\\Users\\des1d\\Desktop\\groupBWT\\FE\\src\\api\\imagesApi.ts","statementMap":{"0":{"start":{"line":1,"column":0},"end":{"line":1,"column":30}},"1":{"start":{"line":13,"column":28},"end":{"line":26,"column":1}},"2":{"start":{"line":14,"column":19},"end":{"line":14,"column":33}},"3":{"start":{"line":15,"column":2},"end":{"line":17,"column":5}},"4":{"start":{"line":16,"column":4},"end":{"line":16,"column":35}},"5":{"start":{"line":18,"column":2},"end":{"line":18,"column":42}},"6":{"start":{"line":19,"column":19},"end":{"line":23,"column":4}},"7":{"start":{"line":25,"column":2},"end":{"line":25,"column":23}},"8":{"start":{"line":13,"column":13},"end":{"line":13,"column":28}}},"fnMap":{"0":{"name":"(anonymous_1)","decl":{"start":{"line":13,"column":28},"end":{"line":13,"column":33}},"loc":{"start":{"line":13,"column":77},"end":{"line":26,"column":1}}},"1":{"name":"(anonymous_2)","decl":{"start":{"line":15,"column":16},"end":{"line":15,"column":17}},"loc":{"start":{"line":15,"column":25},"end":{"line":17,"column":3}}}},"branchMap":{},"s":{"0":1,"1":1,"2":0,"3":0,"4":0,"5":0,"6":0,"7":0,"8":1},"f":{"0":0,"1":0},"b":{}}
,"C:\\Users\\des1d\\Desktop\\groupBWT\\FE\\src\\components\\routes\\ProtectedRoute.tsx": {"path":"C:\\Users\\des1d\\Desktop\\groupBWT\\FE\\src\\components\\routes\\ProtectedRoute.tsx","statementMap":{"0":{"start":{"line":1,"column":0},"end":{"line":1,"column":44}},"1":{"start":{"line":7,"column":30},"end":{"line":15,"column":1}},"2":{"start":{"line":8,"column":16},"end":{"line":8,"column":52}},"3":{"start":{"line":10,"column":2},"end":{"line":12,"column":3}},"4":{"start":{"line":11,"column":4},"end":{"line":11,"column":44}},"5":{"start":{"line":14,"column":2},"end":{"line":14,"column":25}},"6":{"start":{"line":7,"column":13},"end":{"line":7,"column":30}}},"fnMap":{"0":{"name":"(anonymous_0)","decl":{"start":{"line":7,"column":30},"end":{"line":7,"column":31}},"loc":{"start":{"line":7,"column":68},"end":{"line":15,"column":1}}}},"branchMap":{"0":{"loc":{"start":{"line":10,"column":2},"end":{"line":12,"column":3}},"type":"if","locations":[{"start":{"line":10,"column":2},"end":{"line":12,"column":3}},{"start":{},"end":{}}]}},"s":{"0":1,"1":1,"2":3,"3":3,"4":2,"5":1,"6":1},"f":{"0":3},"b":{"0":[2,1]}}
,"C:\\Users\\des1d\\Desktop\\groupBWT\\FE\\src\\components\\routes\\PublicRoute.tsx": {"path":"C:\\Users\\des1d\\Desktop\\groupBWT\\FE\\src\\components\\routes\\PublicRoute.tsx","statementMap":{"0":{"start":{"line":1,"column":0},"end":{"line":1,"column":44}},"1":{"start":{"line":7,"column":27},"end":{"line":15,"column":1}},"2":{"start":{"line":8,"column":16},"end":{"line":8,"column":52}},"3":{"start":{"line":10,"column":2},"end":{"line":12,"column":3}},"4":{"start":{"line":11,"column":4},"end":{"line":11,"column":46}},"5":{"start":{"line":14,"column":2},"end":{"line":14,"column":25}},"6":{"start":{"line":7,"column":13},"end":{"line":7,"column":27}}},"fnMap":{"0":{"name":"(anonymous_0)","decl":{"start":{"line":7,"column":27},"end":{"line":7,"column":28}},"loc":{"start":{"line":7,"column":62},"end":{"line":15,"column":1}}}},"branchMap":{"0":{"loc":{"start":{"line":10,"column":2},"end":{"line":12,"column":3}},"type":"if","locations":[{"start":{"line":10,"column":2},"end":{"line":12,"column":3}},{"start":{},"end":{}}]}},"s":{"0":1,"1":1,"2":2,"3":2,"4":1,"5":1,"6":1},"f":{"0":2},"b":{"0":[1,1]}}
,"C:\\Users\\des1d\\Desktop\\groupBWT\\FE\\src\\components\\schemas\\addGallerySchema.ts": {"path":"C:\\Users\\des1d\\Desktop\\groupBWT\\FE\\src\\components\\schemas\\addGallerySchema.ts","statementMap":{"0":{"start":{"line":1,"column":0},"end":{"line":1,"column":24}},"1":{"start":{"line":3,"column":13},"end":{"line":13,"column":3}}},"fnMap":{},"branchMap":{},"s":{"0":2,"1":2},"f":{},"b":{}}
,"C:\\Users\\des1d\\Desktop\\groupBWT\\FE\\src\\components\\schemas\\authSchemas.ts": {"path":"C:\\Users\\des1d\\Desktop\\groupBWT\\FE\\src\\components\\schemas\\authSchemas.ts","statementMap":{"0":{"start":{"line":1,"column":0},"end":{"line":1,"column":24}},"1":{"start":{"line":3,"column":13},"end":{"line":9,"column":3}},"2":{"start":{"line":11,"column":23},"end":{"line":58,"column":2}},"3":{"start":{"line":31,"column":8},"end":{"line":31,"column":50}},"4":{"start":{"line":31,"column":38},"end":{"line":31,"column":50}},"5":{"start":{"line":32,"column":8},"end":{"line":32,"column":31}},"6":{"start":{"line":38,"column":8},"end":{"line":38,"column":50}},"7":{"start":{"line":38,"column":38},"end":{"line":38,"column":50}},"8":{"start":{"line":39,"column":8},"end":{"line":39,"column":33}},"9":{"start":{"line":45,"column":8},"end":{"line":45,"column":50}},"10":{"start":{"line":45,"column":38},"end":{"line":45,"column":50}},"11":{"start":{"line":46,"column":8},"end":{"line":46,"column":33}},"12":{"start":{"line":52,"column":8},"end":{"line":52,"column":50}},"13":{"start":{"line":52,"column":38},"end":{"line":52,"column":50}},"14":{"start":{"line":53,"column":8},"end":{"line":53,"column":30}},"15":{"start":{"line":60,"column":13},"end":{"line":68,"column":5}},"16":{"start":{"line":61,"column":20},"end":{"line":61,"column":61}},"17":{"start":{"line":65,"column":20},"end":{"line":65,"column":58}},"18":{"start":{"line":70,"column":13},"end":{"line":81,"column":2}},"19":{"start":{"line":72,"column":4},"end":{"line":74,"column":5}},"20":{"start":{"line":73,"column":6},"end":{"line":73,"column":52}},"21":{"start":{"line":75,"column":4},"end":{"line":75,"column":16}},"22":{"start":{"line":94,"column":63},"end":{"line":115,"column":2}},"23":{"start":{"line":117,"column":28},"end":{"line":123,"column":2}},"24":{"start":{"line":125,"column":27},"end":{"line":137,"column":2}},"25":{"start":{"line":140,"column":2},"end":{"line":143,"column":21}},"26":{"start":{"line":140,"column":36},"end":{"line":143,"column":4}},"27":{"start":{"line":146,"column":13},"end":{"line":146,"column":68}},"28":{"start":{"line":147,"column":13},"end":{"line":147,"column":66}}},"fnMap":{"0":{"name":"(anonymous_0)","decl":{"start":{"line":30,"column":6},"end":{"line":30,"column":7}},"loc":{"start":{"line":30,"column":14},"end":{"line":33,"column":7}}},"1":{"name":"(anonymous_1)","decl":{"start":{"line":37,"column":6},"end":{"line":37,"column":7}},"loc":{"start":{"line":37,"column":14},"end":{"line":40,"column":7}}},"2":{"name":"(anonymous_2)","decl":{"start":{"line":44,"column":6},"end":{"line":44,"column":7}},"loc":{"start":{"line":44,"column":14},"end":{"line":47,"column":7}}},"3":{"name":"(anonymous_3)","decl":{"start":{"line":51,"column":6},"end":{"line":51,"column":7}},"loc":{"start":{"line":51,"column":14},"end":{"line":54,"column":7}}},"4":{"name":"(anonymous_4)","decl":{"start":{"line":61,"column":10},"end":{"line":61,"column":11}},"loc":{"start":{"line":61,"column":20},"end":{"line":61,"column":61}}},"5":{"name":"(anonymous_5)","decl":{"start":{"line":65,"column":10},"end":{"line":65,"column":11}},"loc":{"start":{"line":65,"column":20},"end":{"line":65,"column":58}}},"6":{"name":"(anonymous_6)","decl":{"start":{"line":71,"column":2},"end":{"line":71,"column":3}},"loc":{"start":{"line":71,"column":11},"end":{"line":76,"column":3}}},"7":{"name":"createFormFields","decl":{"start":{"line":139,"column":9},"end":{"line":139,"column":25}},"loc":{"start":{"line":139,"column":60},"end":{"line":144,"column":1}}},"8":{"name":"(anonymous_8)","decl":{"start":{"line":140,"column":24},"end":{"line":140,"column":25}},"loc":{"start":{"line":140,"column":36},"end":{"line":143,"column":4}}}},"branchMap":{"0":{"loc":{"start":{"line":31,"column":8},"end":{"line":31,"column":50}},"type":"if","locations":[{"start":{"line":31,"column":8},"end":{"line":31,"column":50}},{"start":{},"end":{}}]},"1":{"loc":{"start":{"line":31,"column":12},"end":{"line":31,"column":36}},"type":"binary-expr","locations":[{"start":{"line":31,"column":12},"end":{"line":31,"column":16}},{"start":{"line":31,"column":20},"end":{"line":31,"column":36}}]},"2":{"loc":{"start":{"line":38,"column":8},"end":{"line":38,"column":50}},"type":"if","locations":[{"start":{"line":38,"column":8},"end":{"line":38,"column":50}},{"start":{},"end":{}}]},"3":{"loc":{"start":{"line":38,"column":12},"end":{"line":38,"column":36}},"type":"binary-expr","locations":[{"start":{"line":38,"column":12},"end":{"line":38,"column":16}},{"start":{"line":38,"column":20},"end":{"line":38,"column":36}}]},"4":{"loc":{"start":{"line":45,"column":8},"end":{"line":45,"column":50}},"type":"if","locations":[{"start":{"line":45,"column":8},"end":{"line":45,"column":50}},{"start":{},"end":{}}]},"5":{"loc":{"start":{"line":45,"column":12},"end":{"line":45,"column":36}},"type":"binary-expr","locations":[{"start":{"line":45,"column":12},"end":{"line":45,"column":16}},{"start":{"line":45,"column":20},"end":{"line":45,"column":36}}]},"6":{"loc":{"start":{"line":52,"column":8},"end":{"line":52,"column":50}},"type":"if","locations":[{"start":{"line":52,"column":8},"end":{"line":52,"column":50}},{"start":{},"end":{}}]},"7":{"loc":{"start":{"line":52,"column":12},"end":{"line":52,"column":36}},"type":"binary-expr","locations":[{"start":{"line":52,"column":12},"end":{"line":52,"column":16}},{"start":{"line":52,"column":20},"end":{"line":52,"column":36}}]},"8":{"loc":{"start":{"line":61,"column":20},"end":{"line":61,"column":61}},"type":"binary-expr","locations":[{"start":{"line":61,"column":20},"end":{"line":61,"column":33}},{"start":{"line":61,"column":37},"end":{"line":61,"column":61}}]},"9":{"loc":{"start":{"line":72,"column":4},"end":{"line":74,"column":5}},"type":"if","locations":[{"start":{"line":72,"column":4},"end":{"line":74,"column":5}},{"start":{},"end":{}}]},"10":{"loc":{"start":{"line":72,"column":8},"end":{"line":72,"column":49}},"type":"binary-expr","locations":[{"start":{"line":72,"column":8},"end":{"line":72,"column":21}},{"start":{"line":72,"column":25},"end":{"line":72,"column":49}}]}},"s":{"0":3,"1":3,"2":3,"3":18,"4":12,"5":6,"6":18,"7":12,"8":6,"9":18,"10":12,"11":6,"12":18,"13":12,"14":6,"15":3,"16":12,"17":12,"18":3,"19":6,"20":0,"21":6,"22":3,"23":3,"24":3,"25":6,"26":30,"27":3,"28":3},"f":{"0":18,"1":18,"2":18,"3":18,"4":12,"5":12,"6":6,"7":6,"8":30},"b":{"0":[12,6],"1":[18,6],"2":[12,6],"3":[18,6],"4":[12,6],"5":[18,6],"6":[12,6],"7":[18,6],"8":[12,6],"9":[0,6],"10":[6,0]}}
,"C:\\Users\\des1d\\Desktop\\groupBWT\\FE\\src\\components\\ui\\auth\\FormInput.tsx": {"path":"C:\\Users\\des1d\\Desktop\\groupBWT\\FE\\src\\components\\ui\\auth\\FormInput.tsx","statementMap":{"0":{"start":{"line":17,"column":51},"end":{"line":59,"column":1}},"1":{"start":{"line":29,"column":2},"end":{"line":58,"column":4}},"2":{"start":{"line":17,"column":13},"end":{"line":17,"column":51}}},"fnMap":{"0":{"name":"(anonymous_0)","decl":{"start":{"line":17,"column":51},"end":{"line":17,"column":52}},"loc":{"start":{"line":28,"column":5},"end":{"line":59,"column":1}}}},"branchMap":{"0":{"loc":{"start":{"line":20,"column":2},"end":{"line":20,"column":15}},"type":"default-arg","locations":[{"start":{"line":20,"column":9},"end":{"line":20,"column":15}}]},"1":{"loc":{"start":{"line":26,"column":2},"end":{"line":26,"column":19}},"type":"default-arg","locations":[{"start":{"line":26,"column":14},"end":{"line":26,"column":19}}]},"2":{"loc":{"start":{"line":27,"column":2},"end":{"line":27,"column":10}},"type":"default-arg","locations":[{"start":{"line":27,"column":9},"end":{"line":27,"column":10}}]},"3":{"loc":{"start":{"line":34,"column":7},"end":{"line":52,"column":null}},"type":"cond-expr","locations":[{"start":{"line":35,"column":8},"end":{"line":41,"column":null}},{"start":{"line":44,"column":8},"end":{"line":51,"column":null}}]},"4":{"loc":{"start":{"line":39,"column":12},"end":{"line":39,"column":null}},"type":"cond-expr","locations":[{"start":{"line":39,"column":31},"end":{"line":39,"column":47}},{"start":{"line":39,"column":50},"end":{"line":39,"column":null}}]},"5":{"loc":{"start":{"line":39,"column":12},"end":{"line":39,"column":28}},"type":"binary-expr","locations":[{"start":{"line":39,"column":12},"end":{"line":39,"column":17}},{"start":{"line":39,"column":21},"end":{"line":39,"column":28}}]},"6":{"loc":{"start":{"line":49,"column":12},"end":{"line":49,"column":null}},"type":"cond-expr","locations":[{"start":{"line":49,"column":31},"end":{"line":49,"column":47}},{"start":{"line":49,"column":50},"end":{"line":49,"column":null}}]},"7":{"loc":{"start":{"line":49,"column":12},"end":{"line":49,"column":28}},"type":"binary-expr","locations":[{"start":{"line":49,"column":12},"end":{"line":49,"column":17}},{"start":{"line":49,"column":21},"end":{"line":49,"column":28}}]},"8":{"loc":{"start":{"line":54,"column":7},"end":{"line":55,"column":null}},"type":"binary-expr","locations":[{"start":{"line":54,"column":7},"end":{"line":54,"column":12}},{"start":{"line":54,"column":16},"end":{"line":54,"column":23}},{"start":{"line":55,"column":8},"end":{"line":55,"column":68}}]}},"s":{"0":6,"1":235,"2":6},"f":{"0":235},"b":{"0":[7],"1":[199],"2":[199],"3":[36,199],"4":[0,36],"5":[36,0],"6":[4,195],"7":[199,5],"8":[235,5,4]}}
,"C:\\Users\\des1d\\Desktop\\groupBWT\\FE\\src\\components\\ui\\auth\\FormNotification.tsx": {"path":"C:\\Users\\des1d\\Desktop\\groupBWT\\FE\\src\\components\\ui\\auth\\FormNotification.tsx","statementMap":{"0":{"start":{"line":2,"column":0},"end":{"line":2,"column":45}},"1":{"start":{"line":11,"column":65},"end":{"line":34,"column":1}},"2":{"start":{"line":17,"column":2},"end":{"line":17,"column":28}},"3":{"start":{"line":17,"column":16},"end":{"line":17,"column":28}},"4":{"start":{"line":19,"column":2},"end":{"line":33,"column":4}},"5":{"start":{"line":11,"column":13},"end":{"line":11,"column":65}}},"fnMap":{"0":{"name":"(anonymous_0)","decl":{"start":{"line":11,"column":65},"end":{"line":11,"column":66}},"loc":{"start":{"line":16,"column":5},"end":{"line":34,"column":1}}}},"branchMap":{"0":{"loc":{"start":{"line":17,"column":2},"end":{"line":17,"column":28}},"type":"if","locations":[{"start":{"line":17,"column":2},"end":{"line":17,"column":28}},{"start":{},"end":{}}]},"1":{"loc":{"start":{"line":23,"column":13},"end":{"line":23,"column":51}},"type":"cond-expr","locations":[{"start":{"line":23,"column":33},"end":{"line":23,"column":40}},{"start":{"line":23,"column":43},"end":{"line":23,"column":51}}]}},"s":{"0":4,"1":4,"2":45,"3":36,"4":9,"5":4},"f":{"0":45},"b":{"0":[36,9],"1":[5,4]}}
,"C:\\Users\\des1d\\Desktop\\groupBWT\\FE\\src\\components\\ui\\auth\\FormWrapper.tsx": {"path":"C:\\Users\\des1d\\Desktop\\groupBWT\\FE\\src\\components\\ui\\auth\\FormWrapper.tsx","statementMap":{"0":{"start":{"line":2,"column":0},"end":{"line":2,"column":48}},"1":{"start":{"line":16,"column":42},"end":{"line":57,"column":1}},"2":{"start":{"line":23,"column":2},"end":{"line":56,"column":4}},"3":{"start":{"line":46,"column":48},"end":{"line":46,"column":72}},"4":{"start":{"line":59,"column":0},"end":{"line":59,"column":27}}},"fnMap":{"0":{"name":"(anonymous_0)","decl":{"start":{"line":16,"column":42},"end":{"line":16,"column":43}},"loc":{"start":{"line":22,"column":5},"end":{"line":57,"column":1}}},"1":{"name":"(anonymous_1)","decl":{"start":{"line":46,"column":42},"end":{"line":46,"column":45}},"loc":{"start":{"line":46,"column":48},"end":{"line":46,"column":72}}}},"branchMap":{"0":{"loc":{"start":{"line":21,"column":2},"end":{"line":21,"column":19}},"type":"default-arg","locations":[{"start":{"line":21,"column":14},"end":{"line":21,"column":19}}]},"1":{"loc":{"start":{"line":26,"column":166},"end":{"line":26,"column":190}},"type":"cond-expr","locations":[{"start":{"line":26,"column":178},"end":{"line":26,"column":185}},{"start":{"line":26,"column":188},"end":{"line":26,"column":190}}]},"2":{"loc":{"start":{"line":31,"column":15},"end":{"line":34,"column":null}},"type":"binary-expr","locations":[{"start":{"line":31,"column":15},"end":{"line":31,"column":22}},{"start":{"line":32,"column":16},"end":{"line":33,"column":null}}]},"3":{"loc":{"start":{"line":36,"column":15},"end":{"line":37,"column":null}},"type":"binary-expr","locations":[{"start":{"line":36,"column":15},"end":{"line":36,"column":28}},{"start":{"line":37,"column":16},"end":{"line":37,"column":70}}]},"4":{"loc":{"start":{"line":42,"column":13},"end":{"line":50,"column":null}},"type":"binary-expr","locations":[{"start":{"line":42,"column":13},"end":{"line":42,"column":19}},{"start":{"line":43,"column":14},"end":{"line":49,"column":null}}]}},"s":{"0":3,"1":3,"2":37,"3":0,"4":3},"f":{"0":37,"1":0},"b":{"0":[0],"1":[18,19],"2":[37,37],"3":[37,37],"4":[37,19]}}
,"C:\\Users\\des1d\\Desktop\\groupBWT\\FE\\src\\components\\ui\\auth\\GalleryButton.tsx": {"path":"C:\\Users\\des1d\\Desktop\\groupBWT\\FE\\src\\components\\ui\\auth\\GalleryButton.tsx","statementMap":{"0":{"start":{"line":13,"column":59},"end":{"line":51,"column":1}},"1":{"start":{"line":22,"column":24},"end":{"line":31,"column":10}},"2":{"start":{"line":33,"column":23},"end":{"line":33,"column":65}},"3":{"start":{"line":35,"column":2},"end":{"line":50,"column":4}},"4":{"start":{"line":13,"column":13},"end":{"line":13,"column":59}}},"fnMap":{"0":{"name":"(anonymous_0)","decl":{"start":{"line":13,"column":59},"end":{"line":13,"column":60}},"loc":{"start":{"line":21,"column":5},"end":{"line":51,"column":1}}}},"branchMap":{"0":{"loc":{"start":{"line":14,"column":2},"end":{"line":14,"column":19}},"type":"default-arg","locations":[{"start":{"line":14,"column":14},"end":{"line":14,"column":19}}]},"1":{"loc":{"start":{"line":15,"column":2},"end":{"line":15,"column":29}},"type":"default-arg","locations":[{"start":{"line":15,"column":16},"end":{"line":15,"column":29}}]},"2":{"loc":{"start":{"line":17,"column":2},"end":{"line":17,"column":18}},"type":"default-arg","locations":[{"start":{"line":17,"column":13},"end":{"line":17,"column":18}}]},"3":{"loc":{"start":{"line":19,"column":2},"end":{"line":19,"column":18}},"type":"default-arg","locations":[{"start":{"line":19,"column":14},"end":{"line":19,"column":18}}]},"4":{"loc":{"start":{"line":20,"column":2},"end":{"line":20,"column":15}},"type":"default-arg","locations":[{"start":{"line":20,"column":10},"end":{"line":20,"column":15}}]},"5":{"loc":{"start":{"line":33,"column":23},"end":{"line":33,"column":65}},"type":"cond-expr","locations":[{"start":{"line":33,"column":35},"end":{"line":33,"column":48}},{"start":{"line":33,"column":51},"end":{"line":33,"column":65}}]},"6":{"loc":{"start":{"line":38,"column":16},"end":{"line":38,"column":37}},"type":"binary-expr","locations":[{"start":{"line":38,"column":16},"end":{"line":38,"column":25}},{"start":{"line":38,"column":29},"end":{"line":38,"column":37}}]},"7":{"loc":{"start":{"line":48,"column":7},"end":{"line":48,"column":41}},"type":"cond-expr","locations":[{"start":{"line":48,"column":19},"end":{"line":48,"column":30}},{"start":{"line":48,"column":33},"end":{"line":48,"column":41}}]}},"s":{"0":11,"1":200,"2":200,"3":200,"4":11},"f":{"0":200},"b":{"0":[199],"1":[199],"2":[184],"3":[197],"4":[76],"5":[198,2],"6":[200,199],"7":[1,199]}}
,"C:\\Users\\des1d\\Desktop\\groupBWT\\FE\\src\\components\\ui\\auth\\SubmitButton.tsx": {"path":"C:\\Users\\des1d\\Desktop\\groupBWT\\FE\\src\\components\\ui\\auth\\SubmitButton.tsx","statementMap":{"0":{"start":{"line":10,"column":57},"end":{"line":25,"column":1}},"1":{"start":{"line":16,"column":2},"end":{"line":24,"column":4}},"2":{"start":{"line":10,"column":13},"end":{"line":10,"column":57}}},"fnMap":{"0":{"name":"(anonymous_0)","decl":{"start":{"line":10,"column":57},"end":{"line":10,"column":58}},"loc":{"start":{"line":15,"column":5},"end":{"line":25,"column":1}}}},"branchMap":{"0":{"loc":{"start":{"line":11,"column":2},"end":{"line":11,"column":19}},"type":"default-arg","locations":[{"start":{"line":11,"column":14},"end":{"line":11,"column":19}}]},"1":{"loc":{"start":{"line":12,"column":2},"end":{"line":12,"column":29}},"type":"default-arg","locations":[{"start":{"line":12,"column":16},"end":{"line":12,"column":29}}]},"2":{"loc":{"start":{"line":14,"column":2},"end":{"line":14,"column":18}},"type":"default-arg","locations":[{"start":{"line":14,"column":13},"end":{"line":14,"column":18}}]},"3":{"loc":{"start":{"line":19,"column":16},"end":{"line":19,"column":37}},"type":"binary-expr","locations":[{"start":{"line":19,"column":16},"end":{"line":19,"column":25}},{"start":{"line":19,"column":29},"end":{"line":19,"column":37}}]},"4":{"loc":{"start":{"line":22,"column":7},"end":{"line":22,"column":41}},"type":"cond-expr","locations":[{"start":{"line":22,"column":19},"end":{"line":22,"column":30}},{"start":{"line":22,"column":33},"end":{"line":22,"column":41}}]}},"s":{"0":6,"1":78,"2":6},"f":{"0":78},"b":{"0":[5],"1":[5],"2":[77],"3":[78,70],"4":[8,70]}}
,"C:\\Users\\des1d\\Desktop\\groupBWT\\FE\\src\\components\\ui\\button\\backButton.tsx": {"path":"C:\\Users\\des1d\\Desktop\\groupBWT\\FE\\src\\components\\ui\\button\\backButton.tsx","statementMap":{"0":{"start":{"line":1,"column":0},"end":{"line":1,"column":52}},"1":{"start":{"line":2,"column":0},"end":{"line":2,"column":47}},"2":{"start":{"line":4,"column":26},"end":{"line":17,"column":1}},"3":{"start":{"line":5,"column":19},"end":{"line":5,"column":32}},"4":{"start":{"line":6,"column":2},"end":{"line":16,"column":4}},"5":{"start":{"line":8,"column":21},"end":{"line":8,"column":33}},"6":{"start":{"line":4,"column":13},"end":{"line":4,"column":26}}},"fnMap":{"0":{"name":"(anonymous_0)","decl":{"start":{"line":4,"column":26},"end":{"line":4,"column":29}},"loc":{"start":{"line":4,"column":31},"end":{"line":17,"column":1}}},"1":{"name":"(anonymous_1)","decl":{"start":{"line":8,"column":15},"end":{"line":8,"column":18}},"loc":{"start":{"line":8,"column":21},"end":{"line":8,"column":33}}}},"branchMap":{},"s":{"0":4,"1":4,"2":4,"3":47,"4":47,"5":3,"6":4},"f":{"0":47,"1":3},"b":{}}
,"C:\\Users\\des1d\\Desktop\\groupBWT\\FE\\src\\components\\ui\\filters\\GalleryFiltersPanel.tsx": {"path":"C:\\Users\\des1d\\Desktop\\groupBWT\\FE\\src\\components\\ui\\filters\\GalleryFiltersPanel.tsx","statementMap":{"0":{"start":{"line":2,"column":0},"end":{"line":2,"column":54}},"1":{"start":{"line":3,"column":0},"end":{"line":3,"column":51}},"2":{"start":{"line":17,"column":17},"end":{"line":30,"column":null}},"3":{"start":{"line":18,"column":2},"end":{"line":29,"column":null}},"4":{"start":{"line":33,"column":14},"end":{"line":45,"column":null}},"5":{"start":{"line":34,"column":2},"end":{"line":44,"column":null}},"6":{"start":{"line":48,"column":65},"end":{"line":171,"column":1}},"7":{"start":{"line":60,"column":4},"end":{"line":60,"column":66}},"8":{"start":{"line":62,"column":4},"end":{"line":64,"column":26}},"9":{"start":{"line":66,"column":2},"end":{"line":170,"column":4}},"10":{"start":{"line":87,"column":33},"end":{"line":87,"column":78}},"11":{"start":{"line":100,"column":33},"end":{"line":100,"column":76}},"12":{"start":{"line":129,"column":18},"end":{"line":129,"column":76}},"13":{"start":{"line":132,"column":18},"end":{"line":133,"column":null}},"14":{"start":{"line":148,"column":18},"end":{"line":148,"column":76}},"15":{"start":{"line":151,"column":18},"end":{"line":152,"column":null}},"16":{"start":{"line":48,"column":13},"end":{"line":48,"column":65}}},"fnMap":{"0":{"name":"(anonymous_0)","decl":{"start":{"line":17,"column":17},"end":{"line":17,"column":20}},"loc":{"start":{"line":18,"column":2},"end":{"line":29,"column":null}}},"1":{"name":"(anonymous_1)","decl":{"start":{"line":33,"column":14},"end":{"line":33,"column":17}},"loc":{"start":{"line":34,"column":2},"end":{"line":44,"column":null}}},"2":{"name":"(anonymous_2)","decl":{"start":{"line":48,"column":65},"end":{"line":48,"column":66}},"loc":{"start":{"line":58,"column":5},"end":{"line":171,"column":1}}},"3":{"name":"(anonymous_3)","decl":{"start":{"line":87,"column":26},"end":{"line":87,"column":27}},"loc":{"start":{"line":87,"column":33},"end":{"line":87,"column":78}}},"4":{"name":"(anonymous_4)","decl":{"start":{"line":100,"column":26},"end":{"line":100,"column":27}},"loc":{"start":{"line":100,"column":33},"end":{"line":100,"column":76}}},"5":{"name":"(anonymous_5)","decl":{"start":{"line":128,"column":27},"end":{"line":128,"column":28}},"loc":{"start":{"line":129,"column":18},"end":{"line":129,"column":76}}},"6":{"name":"(anonymous_6)","decl":{"start":{"line":131,"column":26},"end":{"line":131,"column":27}},"loc":{"start":{"line":132,"column":18},"end":{"line":133,"column":null}}},"7":{"name":"(anonymous_7)","decl":{"start":{"line":147,"column":27},"end":{"line":147,"column":28}},"loc":{"start":{"line":148,"column":18},"end":{"line":148,"column":76}}},"8":{"name":"(anonymous_8)","decl":{"start":{"line":150,"column":26},"end":{"line":150,"column":27}},"loc":{"start":{"line":151,"column":18},"end":{"line":152,"column":null}}}},"branchMap":{"0":{"loc":{"start":{"line":60,"column":4},"end":{"line":60,"column":66}},"type":"binary-expr","locations":[{"start":{"line":60,"column":4},"end":{"line":60,"column":13}},{"start":{"line":60,"column":17},"end":{"line":60,"column":24}},{"start":{"line":60,"column":28},"end":{"line":60,"column":66}}]},"1":{"loc":{"start":{"line":62,"column":4},"end":{"line":64,"column":26}},"type":"binary-expr","locations":[{"start":{"line":62,"column":4},"end":{"line":62,"column":27}},{"start":{"line":63,"column":4},"end":{"line":63,"column":27}},{"start":{"line":64,"column":4},"end":{"line":64,"column":26}}]},"2":{"loc":{"start":{"line":85,"column":23},"end":{"line":85,"column":37}},"type":"binary-expr","locations":[{"start":{"line":85,"column":23},"end":{"line":85,"column":31}},{"start":{"line":85,"column":35},"end":{"line":85,"column":37}}]},"3":{"loc":{"start":{"line":87,"column":50},"end":{"line":87,"column":77}},"type":"binary-expr","locations":[{"start":{"line":87,"column":50},"end":{"line":87,"column":64}},{"start":{"line":87,"column":68},"end":{"line":87,"column":77}}]},"4":{"loc":{"start":{"line":89,"column":18},"end":{"line":89,"column":77}},"type":"cond-expr","locations":[{"start":{"line":89,"column":31},"end":{"line":89,"column":65}},{"start":{"line":89,"column":68},"end":{"line":89,"column":77}}]},"5":{"loc":{"start":{"line":98,"column":23},"end":{"line":98,"column":35}},"type":"binary-expr","locations":[{"start":{"line":98,"column":23},"end":{"line":98,"column":29}},{"start":{"line":98,"column":33},"end":{"line":98,"column":35}}]},"6":{"loc":{"start":{"line":100,"column":48},"end":{"line":100,"column":75}},"type":"binary-expr","locations":[{"start":{"line":100,"column":48},"end":{"line":100,"column":62}},{"start":{"line":100,"column":66},"end":{"line":100,"column":75}}]},"7":{"loc":{"start":{"line":102,"column":18},"end":{"line":102,"column":77}},"type":"cond-expr","locations":[{"start":{"line":102,"column":31},"end":{"line":102,"column":65}},{"start":{"line":102,"column":68},"end":{"line":102,"column":77}}]},"8":{"loc":{"start":{"line":108,"column":11},"end":{"line":111,"column":null}},"type":"binary-expr","locations":[{"start":{"line":108,"column":11},"end":{"line":108,"column":21}},{"start":{"line":109,"column":12},"end":{"line":110,"column":null}}]},"9":{"loc":{"start":{"line":127,"column":23},"end":{"line":127,"column":38}},"type":"binary-expr","locations":[{"start":{"line":127,"column":23},"end":{"line":127,"column":32}},{"start":{"line":127,"column":36},"end":{"line":127,"column":38}}]},"10":{"loc":{"start":{"line":129,"column":18},"end":{"line":129,"column":76}},"type":"binary-expr","locations":[{"start":{"line":129,"column":18},"end":{"line":129,"column":54}},{"start":{"line":129,"column":58},"end":{"line":129,"column":76}}]},"11":{"loc":{"start":{"line":133,"column":20},"end":{"line":133,"column":64}},"type":"cond-expr","locations":[{"start":{"line":133,"column":37},"end":{"line":133,"column":52}},{"start":{"line":133,"column":55},"end":{"line":133,"column":64}}]},"12":{"loc":{"start":{"line":137,"column":23},"end":{"line":137,"column":76}},"type":"cond-expr","locations":[{"start":{"line":137,"column":38},"end":{"line":137,"column":64}},{"start":{"line":137,"column":67},"end":{"line":137,"column":76}}]},"13":{"loc":{"start":{"line":146,"column":23},"end":{"line":146,"column":38}},"type":"binary-expr","locations":[{"start":{"line":146,"column":23},"end":{"line":146,"column":32}},{"start":{"line":146,"column":36},"end":{"line":146,"column":38}}]},"14":{"loc":{"start":{"line":148,"column":18},"end":{"line":148,"column":76}},"type":"binary-expr","locations":[{"start":{"line":148,"column":18},"end":{"line":148,"column":54}},{"start":{"line":148,"column":58},"end":{"line":148,"column":76}}]},"15":{"loc":{"start":{"line":152,"column":20},"end":{"line":152,"column":64}},"type":"cond-expr","locations":[{"start":{"line":152,"column":37},"end":{"line":152,"column":52}},{"start":{"line":152,"column":55},"end":{"line":152,"column":64}}]},"16":{"loc":{"start":{"line":156,"column":23},"end":{"line":156,"column":76}},"type":"cond-expr","locations":[{"start":{"line":156,"column":38},"end":{"line":156,"column":64}},{"start":{"line":156,"column":67},"end":{"line":156,"column":76}}]},"17":{"loc":{"start":{"line":161,"column":11},"end":{"line":164,"column":null}},"type":"binary-expr","locations":[{"start":{"line":161,"column":11},"end":{"line":161,"column":23}},{"start":{"line":162,"column":12},"end":{"line":163,"column":null}}]}},"s":{"0":2,"1":2,"2":2,"3":23,"4":2,"5":23,"6":2,"7":23,"8":23,"9":23,"10":1,"11":1,"12":1,"13":1,"14":0,"15":1,"16":2},"f":{"0":23,"1":23,"2":23,"3":1,"4":1,"5":1,"6":1,"7":0,"8":1},"b":{"0":[23,1,1],"1":[23,1,1],"2":[23,22],"3":[1,0],"4":[1,22],"5":[23,22],"6":[1,0],"7":[1,22],"8":[23,1],"9":[23,22],"10":[1,1],"11":[1,0],"12":[1,22],"13":[23,22],"14":[0,0],"15":[1,0],"16":[1,22],"17":[23,1]}}
,"C:\\Users\\des1d\\Desktop\\groupBWT\\FE\\src\\components\\ui\\filters\\GallerySort.tsx": {"path":"C:\\Users\\des1d\\Desktop\\groupBWT\\FE\\src\\components\\ui\\filters\\GallerySort.tsx","statementMap":{"0":{"start":{"line":2,"column":0},"end":{"line":2,"column":54}},"1":{"start":{"line":14,"column":49},"end":{"line":43,"column":1}},"2":{"start":{"line":20,"column":22},"end":{"line":20,"column":75}},"3":{"start":{"line":20,"column":28},"end":{"line":20,"column":75}},"4":{"start":{"line":21,"column":2},"end":{"line":42,"column":4}},"5":{"start":{"line":26,"column":27},"end":{"line":26,"column":73}},"6":{"start":{"line":14,"column":13},"end":{"line":14,"column":49}}},"fnMap":{"0":{"name":"(anonymous_0)","decl":{"start":{"line":14,"column":49},"end":{"line":14,"column":50}},"loc":{"start":{"line":19,"column":5},"end":{"line":43,"column":1}}},"1":{"name":"(anonymous_1)","decl":{"start":{"line":20,"column":22},"end":{"line":20,"column":25}},"loc":{"start":{"line":20,"column":28},"end":{"line":20,"column":75}}},"2":{"name":"(anonymous_2)","decl":{"start":{"line":26,"column":20},"end":{"line":26,"column":21}},"loc":{"start":{"line":26,"column":27},"end":{"line":26,"column":73}}}},"branchMap":{"0":{"loc":{"start":{"line":20,"column":42},"end":{"line":20,"column":74}},"type":"cond-expr","locations":[{"start":{"line":20,"column":60},"end":{"line":20,"column":66}},{"start":{"line":20,"column":69},"end":{"line":20,"column":74}}]},"1":{"loc":{"start":{"line":39,"column":9},"end":{"line":39,"column":36}},"type":"cond-expr","locations":[{"start":{"line":39,"column":27},"end":{"line":39,"column":30}},{"start":{"line":39,"column":33},"end":{"line":39,"column":36}}]}},"s":{"0":2,"1":2,"2":19,"3":1,"4":19,"5":1,"6":2},"f":{"0":19,"1":1,"2":1},"b":{"0":[1,0],"1":[18,1]}}
,"C:\\Users\\des1d\\Desktop\\groupBWT\\FE\\src\\components\\ui\\filters\\Search.tsx": {"path":"C:\\Users\\des1d\\Desktop\\groupBWT\\FE\\src\\components\\ui\\filters\\Search.tsx","statementMap":{"0":{"start":{"line":2,"column":0},"end":{"line":2,"column":44}},"1":{"start":{"line":3,"column":0},"end":{"line":3,"column":51}},"2":{"start":{"line":11,"column":31},"end":{"line":27,"column":1}},"3":{"start":{"line":12,"column":2},"end":{"line":26,"column":4}},"4":{"start":{"line":17,"column":25},"end":{"line":17,"column":55}},"5":{"start":{"line":29,"column":0},"end":{"line":29,"column":22}}},"fnMap":{"0":{"name":"(anonymous_0)","decl":{"start":{"line":11,"column":31},"end":{"line":11,"column":32}},"loc":{"start":{"line":11,"column":75},"end":{"line":27,"column":1}}},"1":{"name":"(anonymous_1)","decl":{"start":{"line":17,"column":18},"end":{"line":17,"column":19}},"loc":{"start":{"line":17,"column":25},"end":{"line":17,"column":55}}}},"branchMap":{"0":{"loc":{"start":{"line":23,"column":22},"end":{"line":23,"column":54}},"type":"cond-expr","locations":[{"start":{"line":23,"column":31},"end":{"line":23,"column":40}},{"start":{"line":23,"column":43},"end":{"line":23,"column":54}}]}},"s":{"0":2,"1":2,"2":2,"3":19,"4":2,"5":2},"f":{"0":19,"1":2},"b":{"0":[5,14]}}
,"C:\\Users\\des1d\\Desktop\\groupBWT\\FE\\src\\components\\ui\\input\\CustomFileInput.tsx": {"path":"C:\\Users\\des1d\\Desktop\\groupBWT\\FE\\src\\components\\ui\\input\\CustomFileInput.tsx","statementMap":{"0":{"start":{"line":10,"column":57},"end":{"line":28,"column":1}},"1":{"start":{"line":16,"column":2},"end":{"line":27,"column":4}},"2":{"start":{"line":24,"column":25},"end":{"line":24,"column":67}},"3":{"start":{"line":10,"column":13},"end":{"line":10,"column":57}}},"fnMap":{"0":{"name":"(anonymous_0)","decl":{"start":{"line":10,"column":57},"end":{"line":10,"column":58}},"loc":{"start":{"line":15,"column":5},"end":{"line":28,"column":1}}},"1":{"name":"(anonymous_1)","decl":{"start":{"line":24,"column":18},"end":{"line":24,"column":19}},"loc":{"start":{"line":24,"column":25},"end":{"line":24,"column":67}}}},"branchMap":{"0":{"loc":{"start":{"line":24,"column":25},"end":{"line":24,"column":67}},"type":"binary-expr","locations":[{"start":{"line":24,"column":25},"end":{"line":24,"column":39}},{"start":{"line":24,"column":43},"end":{"line":24,"column":67}}]}},"s":{"0":3,"1":15,"2":6,"3":3},"f":{"0":15,"1":6},"b":{"0":[6,5]}}
,"C:\\Users\\des1d\\Desktop\\groupBWT\\FE\\src\\components\\ui\\input\\CustomInput.tsx": {"path":"C:\\Users\\des1d\\Desktop\\groupBWT\\FE\\src\\components\\ui\\input\\CustomInput.tsx","statementMap":{"0":{"start":{"line":9,"column":49},"end":{"line":29,"column":1}},"1":{"start":{"line":15,"column":2},"end":{"line":28,"column":4}},"2":{"start":{"line":9,"column":13},"end":{"line":9,"column":49}}},"fnMap":{"0":{"name":"(anonymous_0)","decl":{"start":{"line":9,"column":49},"end":{"line":9,"column":50}},"loc":{"start":{"line":14,"column":5},"end":{"line":29,"column":1}}}},"branchMap":{"0":{"loc":{"start":{"line":17,"column":7},"end":{"line":18,"column":null}},"type":"binary-expr","locations":[{"start":{"line":17,"column":7},"end":{"line":17,"column":12}},{"start":{"line":18,"column":8},"end":{"line":18,"column":77}}]},"1":{"loc":{"start":{"line":24,"column":37},"end":{"line":24,"column":66}},"type":"cond-expr","locations":[{"start":{"line":24,"column":45},"end":{"line":24,"column":61}},{"start":{"line":24,"column":64},"end":{"line":24,"column":66}}]},"2":{"loc":{"start":{"line":24,"column":70},"end":{"line":24,"column":85}},"type":"binary-expr","locations":[{"start":{"line":24,"column":70},"end":{"line":24,"column":79}},{"start":{"line":24,"column":83},"end":{"line":24,"column":85}}]},"3":{"loc":{"start":{"line":26,"column":7},"end":{"line":26,"column":68}},"type":"binary-expr","locations":[{"start":{"line":26,"column":7},"end":{"line":26,"column":12}},{"start":{"line":26,"column":16},"end":{"line":26,"column":68}}]}},"s":{"0":4,"1":117,"2":4},"f":{"0":117},"b":{"0":[117,93],"1":[5,112],"2":[117,97],"3":[117,5]}}
,"C:\\Users\\des1d\\Desktop\\groupBWT\\FE\\src\\components\\ui\\modal\\ImageTransferModal.tsx": {"path":"C:\\Users\\des1d\\Desktop\\groupBWT\\FE\\src\\components\\ui\\modal\\ImageTransferModal.tsx","statementMap":{"0":{"start":{"line":2,"column":0},"end":{"line":2,"column":67}},"1":{"start":{"line":16,"column":34},"end":{"line":70,"column":1}},"2":{"start":{"line":27,"column":2},"end":{"line":27,"column":27}},"3":{"start":{"line":27,"column":15},"end":{"line":27,"column":27}},"4":{"start":{"line":30,"column":4},"end":{"line":32,"column":62}},"5":{"start":{"line":34,"column":22},"end":{"line":34,"column":69}},"6":{"start":{"line":35,"column":22},"end":{"line":35,"column":75}},"7":{"start":{"line":37,"column":2},"end":{"line":69,"column":4}},"8":{"start":{"line":43,"column":27},"end":{"line":43,"column":58}},"9":{"start":{"line":47,"column":40},"end":{"line":47,"column":68}},"10":{"start":{"line":49,"column":14},"end":{"line":49,"column":36}},"11":{"start":{"line":16,"column":13},"end":{"line":16,"column":34}}},"fnMap":{"0":{"name":"(anonymous_0)","decl":{"start":{"line":16,"column":34},"end":{"line":16,"column":35}},"loc":{"start":{"line":26,"column":30},"end":{"line":70,"column":1}}},"1":{"name":"(anonymous_1)","decl":{"start":{"line":43,"column":20},"end":{"line":43,"column":21}},"loc":{"start":{"line":43,"column":27},"end":{"line":43,"column":58}}},"2":{"name":"(anonymous_2)","decl":{"start":{"line":47,"column":30},"end":{"line":47,"column":31}},"loc":{"start":{"line":47,"column":40},"end":{"line":47,"column":68}}},"3":{"name":"(anonymous_3)","decl":{"start":{"line":48,"column":12},"end":{"line":48,"column":13}},"loc":{"start":{"line":49,"column":14},"end":{"line":49,"column":36}}}},"branchMap":{"0":{"loc":{"start":{"line":27,"column":2},"end":{"line":27,"column":27}},"type":"if","locations":[{"start":{"line":27,"column":2},"end":{"line":27,"column":27}},{"start":{},"end":{}}]},"1":{"loc":{"start":{"line":30,"column":4},"end":{"line":32,"column":62}},"type":"cond-expr","locations":[{"start":{"line":31,"column":8},"end":{"line":31,"column":62}},{"start":{"line":32,"column":8},"end":{"line":32,"column":62}}]},"2":{"loc":{"start":{"line":34,"column":22},"end":{"line":34,"column":69}},"type":"cond-expr","locations":[{"start":{"line":34,"column":40},"end":{"line":34,"column":53}},{"start":{"line":34,"column":56},"end":{"line":34,"column":69}}]},"3":{"loc":{"start":{"line":35,"column":22},"end":{"line":35,"column":75}},"type":"cond-expr","locations":[{"start":{"line":35,"column":40},"end":{"line":35,"column":56}},{"start":{"line":35,"column":59},"end":{"line":35,"column":75}}]},"4":{"loc":{"start":{"line":59,"column":22},"end":{"line":59,"column":53}},"type":"binary-expr","locations":[{"start":{"line":59,"column":22},"end":{"line":59,"column":40}},{"start":{"line":59,"column":44},"end":{"line":59,"column":53}}]},"5":{"loc":{"start":{"line":61,"column":13},"end":{"line":61,"column":50}},"type":"cond-expr","locations":[{"start":{"line":61,"column":25},"end":{"line":61,"column":36}},{"start":{"line":61,"column":39},"end":{"line":61,"column":50}}]}},"s":{"0":2,"1":2,"2":14,"3":9,"4":5,"5":5,"6":5,"7":5,"8":1,"9":15,"10":10,"11":2},"f":{"0":14,"1":1,"2":15,"3":10},"b":{"0":[9,5],"1":[5,0],"2":[5,0],"3":[5,0],"4":[5,1],"5":[1,4]}}
,"C:\\Users\\des1d\\Desktop\\groupBWT\\FE\\src\\components\\ui\\modal\\UploadImagesModal.tsx": {"path":"C:\\Users\\des1d\\Desktop\\groupBWT\\FE\\src\\components\\ui\\modal\\UploadImagesModal.tsx","statementMap":{"0":{"start":{"line":1,"column":0},"end":{"line":1,"column":49}},"1":{"start":{"line":2,"column":0},"end":{"line":2,"column":67}},"2":{"start":{"line":5,"column":0},"end":{"line":5,"column":55}},"3":{"start":{"line":6,"column":0},"end":{"line":6,"column":59}},"4":{"start":{"line":18,"column":61},"end":{"line":137,"column":1}},"5":{"start":{"line":27,"column":2},"end":{"line":27,"column":27}},"6":{"start":{"line":27,"column":15},"end":{"line":27,"column":27}},"7":{"start":{"line":28,"column":24},"end":{"line":28,"column":39}},"8":{"start":{"line":29,"column":26},"end":{"line":29,"column":45}},"9":{"start":{"line":31,"column":2},"end":{"line":136,"column":4}},"10":{"start":{"line":47,"column":50},"end":{"line":47,"column":52}},"11":{"start":{"line":48,"column":16},"end":{"line":73,"column":19}},"12":{"start":{"line":49,"column":18},"end":{"line":57,"column":19}},"13":{"start":{"line":50,"column":20},"end":{"line":55,"column":23}},"14":{"start":{"line":56,"column":20},"end":{"line":56,"column":27}},"15":{"start":{"line":59,"column":18},"end":{"line":67,"column":19}},"16":{"start":{"line":60,"column":20},"end":{"line":65,"column":23}},"17":{"start":{"line":66,"column":20},"end":{"line":66,"column":27}},"18":{"start":{"line":69,"column":18},"end":{"line":72,"column":21}},"19":{"start":{"line":75,"column":16},"end":{"line":77,"column":17}},"20":{"start":{"line":76,"column":18},"end":{"line":76,"column":41}},"21":{"start":{"line":94,"column":16},"end":{"line":95,"column":null}},"22":{"start":{"line":106,"column":35},"end":{"line":106,"column":54}},"23":{"start":{"line":18,"column":13},"end":{"line":18,"column":61}}},"fnMap":{"0":{"name":"(anonymous_0)","decl":{"start":{"line":18,"column":61},"end":{"line":18,"column":62}},"loc":{"start":{"line":26,"column":5},"end":{"line":137,"column":1}}},"1":{"name":"(anonymous_1)","decl":{"start":{"line":46,"column":24},"end":{"line":46,"column":25}},"loc":{"start":{"line":46,"column":34},"end":{"line":78,"column":15}}},"2":{"name":"(anonymous_2)","decl":{"start":{"line":48,"column":42},"end":{"line":48,"column":43}},"loc":{"start":{"line":48,"column":51},"end":{"line":73,"column":17}}},"3":{"name":"(anonymous_3)","decl":{"start":{"line":93,"column":33},"end":{"line":93,"column":34}},"loc":{"start":{"line":94,"column":16},"end":{"line":95,"column":null}}},"4":{"name":"(anonymous_4)","decl":{"start":{"line":106,"column":29},"end":{"line":106,"column":32}},"loc":{"start":{"line":106,"column":35},"end":{"line":106,"column":54}}}},"branchMap":{"0":{"loc":{"start":{"line":27,"column":2},"end":{"line":27,"column":27}},"type":"if","locations":[{"start":{"line":27,"column":2},"end":{"line":27,"column":27}},{"start":{},"end":{}}]},"1":{"loc":{"start":{"line":49,"column":18},"end":{"line":57,"column":19}},"type":"if","locations":[{"start":{"line":49,"column":18},"end":{"line":57,"column":19}},{"start":{},"end":{}}]},"2":{"loc":{"start":{"line":59,"column":18},"end":{"line":67,"column":19}},"type":"if","locations":[{"start":{"line":59,"column":18},"end":{"line":67,"column":19}},{"start":{},"end":{}}]},"3":{"loc":{"start":{"line":75,"column":16},"end":{"line":77,"column":17}},"type":"if","locations":[{"start":{"line":75,"column":16},"end":{"line":77,"column":17}},{"start":{},"end":{}}]},"4":{"loc":{"start":{"line":86,"column":9},"end":{"line":118,"column":null}},"type":"binary-expr","locations":[{"start":{"line":86,"column":9},"end":{"line":86,"column":33}},{"start":{"line":87,"column":10},"end":{"line":117,"column":null}}]},"5":{"loc":{"start":{"line":128,"column":22},"end":{"line":128,"column":56}},"type":"binary-expr","locations":[{"start":{"line":128,"column":22},"end":{"line":128,"column":43}},{"start":{"line":128,"column":47},"end":{"line":128,"column":56}}]},"6":{"loc":{"start":{"line":131,"column":13},"end":{"line":131,"column":78}},"type":"cond-expr","locations":[{"start":{"line":131,"column":25},"end":{"line":131,"column":38}},{"start":{"line":131,"column":41},"end":{"line":131,"column":78}}]}},"s":{"0":2,"1":2,"2":2,"3":2,"4":2,"5":17,"6":8,"7":9,"8":9,"9":9,"10":3,"11":3,"12":3,"13":1,"14":1,"15":2,"16":1,"17":1,"18":1,"19":3,"20":1,"21":4,"22":1,"23":2},"f":{"0":17,"1":3,"2":3,"3":4,"4":1},"b":{"0":[8,9],"1":[1,2],"2":[1,1],"3":[1,2],"4":[9,3],"5":[9,3],"6":[1,8]}}
,"C:\\Users\\des1d\\Desktop\\groupBWT\\FE\\src\\components\\ui\\modal\\corfirmDelete.tsx": {"path":"C:\\Users\\des1d\\Desktop\\groupBWT\\FE\\src\\components\\ui\\modal\\corfirmDelete.tsx","statementMap":{"0":{"start":{"line":1,"column":0},"end":{"line":1,"column":53}},"1":{"start":{"line":9,"column":52},"end":{"line":32,"column":1}},"2":{"start":{"line":10,"column":0},"end":{"line":31,"column":null}},"3":{"start":{"line":9,"column":13},"end":{"line":9,"column":52}}},"fnMap":{"0":{"name":"(anonymous_0)","decl":{"start":{"line":9,"column":52},"end":{"line":9,"column":53}},"loc":{"start":{"line":9,"column":87},"end":{"line":32,"column":1}}}},"branchMap":{},"s":{"0":3,"1":3,"2":9,"3":3},"f":{"0":9},"b":{}}
,"C:\\Users\\des1d\\Desktop\\groupBWT\\FE\\src\\lib\\axios.ts": {"path":"C:\\Users\\des1d\\Desktop\\groupBWT\\FE\\src\\lib\\axios.ts","statementMap":{"0":{"start":{"line":1,"column":0},"end":{"line":1,"column":26}},"1":{"start":{"line":3,"column":12},"end":{"line":6,"column":2}},"2":{"start":{"line":8,"column":0},"end":{"line":21,"column":2}},"3":{"start":{"line":10,"column":4},"end":{"line":10,"column":64}},"4":{"start":{"line":12,"column":18},"end":{"line":12,"column":54}},"5":{"start":{"line":13,"column":4},"end":{"line":15,"column":5}},"6":{"start":{"line":14,"column":6},"end":{"line":14,"column":58}},"7":{"start":{"line":16,"column":4},"end":{"line":16,"column":18}},"8":{"start":{"line":19,"column":4},"end":{"line":19,"column":33}},"9":{"start":{"line":23,"column":0},"end":{"line":49,"column":2}},"10":{"start":{"line":25,"column":4},"end":{"line":25,"column":66}},"11":{"start":{"line":26,"column":4},"end":{"line":26,"column":20}},"12":{"start":{"line":29,"column":4},"end":{"line":33,"column":6}},"13":{"start":{"line":35,"column":4},"end":{"line":45,"column":5}},"14":{"start":{"line":36,"column":6},"end":{"line":36,"column":41}},"15":{"start":{"line":37,"column":6},"end":{"line":37,"column":46}},"16":{"start":{"line":38,"column":26},"end":{"line":38,"column":50}},"17":{"start":{"line":39,"column":6},"end":{"line":44,"column":7}},"18":{"start":{"line":43,"column":8},"end":{"line":43,"column":45}},"19":{"start":{"line":47,"column":4},"end":{"line":47,"column":33}},"20":{"start":{"line":51,"column":0},"end":{"line":51,"column":19}}},"fnMap":{"0":{"name":"(anonymous_1)","decl":{"start":{"line":9,"column":2},"end":{"line":9,"column":3}},"loc":{"start":{"line":9,"column":13},"end":{"line":17,"column":3}}},"1":{"name":"(anonymous_2)","decl":{"start":{"line":18,"column":2},"end":{"line":18,"column":3}},"loc":{"start":{"line":18,"column":12},"end":{"line":20,"column":3}}},"2":{"name":"(anonymous_3)","decl":{"start":{"line":24,"column":2},"end":{"line":24,"column":3}},"loc":{"start":{"line":24,"column":15},"end":{"line":27,"column":3}}},"3":{"name":"(anonymous_4)","decl":{"start":{"line":28,"column":2},"end":{"line":28,"column":3}},"loc":{"start":{"line":28,"column":12},"end":{"line":48,"column":3}}}},"branchMap":{"0":{"loc":{"start":{"line":13,"column":4},"end":{"line":15,"column":5}},"type":"if","locations":[{"start":{"line":13,"column":4},"end":{"line":15,"column":5}},{"start":{},"end":{}}]},"1":{"loc":{"start":{"line":35,"column":4},"end":{"line":45,"column":5}},"type":"if","locations":[{"start":{"line":35,"column":4},"end":{"line":45,"column":5}},{"start":{},"end":{}}]},"2":{"loc":{"start":{"line":39,"column":6},"end":{"line":44,"column":7}},"type":"if","locations":[{"start":{"line":39,"column":6},"end":{"line":44,"column":7}},{"start":{},"end":{}}]},"3":{"loc":{"start":{"line":40,"column":8},"end":{"line":41,"column":42}},"type":"binary-expr","locations":[{"start":{"line":40,"column":8},"end":{"line":40,"column":39}},{"start":{"line":41,"column":8},"end":{"line":41,"column":42}}]}},"s":{"0":4,"1":4,"2":4,"3":3,"4":3,"5":3,"6":2,"7":3,"8":0,"9":4,"10":2,"11":2,"12":1,"13":1,"14":1,"15":1,"16":1,"17":1,"18":1,"19":1,"20":4},"f":{"0":3,"1":0,"2":2,"3":1},"b":{"0":[2,1],"1":[1,0],"2":[1,0],"3":[1,1]}}
,"C:\\Users\\des1d\\Desktop\\groupBWT\\FE\\src\\lib\\getFileUrl.ts": {"path":"C:\\Users\\des1d\\Desktop\\groupBWT\\FE\\src\\lib\\getFileUrl.ts","statementMap":{"0":{"start":{"line":1,"column":0},"end":{"line":1,"column":26}},"1":{"start":{"line":3,"column":17},"end":{"line":9,"column":4}},"2":{"start":{"line":4,"column":18},"end":{"line":4,"column":38}},"3":{"start":{"line":6,"column":2},"end":{"line":6,"column":46}},"4":{"start":{"line":6,"column":16},"end":{"line":6,"column":46}},"5":{"start":{"line":8,"column":2},"end":{"line":8,"column":61}},"6":{"start":{"line":11,"column":26},"end":{"line":19,"column":1}},"7":{"start":{"line":12,"column":2},"end":{"line":12,"column":23}},"8":{"start":{"line":12,"column":13},"end":{"line":12,"column":23}},"9":{"start":{"line":14,"column":20},"end":{"line":16,"column":40}},"10":{"start":{"line":18,"column":2},"end":{"line":18,"column":35}},"11":{"start":{"line":11,"column":13},"end":{"line":11,"column":26}}},"fnMap":{"0":{"name":"(anonymous_1)","decl":{"start":{"line":3,"column":18},"end":{"line":3,"column":21}},"loc":{"start":{"line":3,"column":23},"end":{"line":9,"column":1}}},"1":{"name":"(anonymous_2)","decl":{"start":{"line":11,"column":26},"end":{"line":11,"column":27}},"loc":{"start":{"line":11,"column":44},"end":{"line":19,"column":1}}}},"branchMap":{"0":{"loc":{"start":{"line":6,"column":2},"end":{"line":6,"column":46}},"type":"if","locations":[{"start":{"line":6,"column":2},"end":{"line":6,"column":46}},{"start":{},"end":{}}]},"1":{"loc":{"start":{"line":12,"column":2},"end":{"line":12,"column":23}},"type":"if","locations":[{"start":{"line":12,"column":2},"end":{"line":12,"column":23}},{"start":{},"end":{}}]},"2":{"loc":{"start":{"line":14,"column":20},"end":{"line":16,"column":40}},"type":"cond-expr","locations":[{"start":{"line":15,"column":6},"end":{"line":15,"column":35}},{"start":{"line":16,"column":6},"end":{"line":16,"column":40}}]}},"s":{"0":2,"1":2,"2":2,"3":2,"4":0,"5":2,"6":2,"7":21,"8":17,"9":4,"10":4,"11":2},"f":{"0":2,"1":21},"b":{"0":[0,2],"1":[17,4],"2":[3,1]}}
,"C:\\Users\\des1d\\Desktop\\groupBWT\\FE\\src\\pages\\auth\\login\\login.tsx": {"path":"C:\\Users\\des1d\\Desktop\\groupBWT\\FE\\src\\pages\\auth\\login\\login.tsx","statementMap":{"0":{"start":{"line":1,"column":0},"end":{"line":1,"column":33}},"1":{"start":{"line":2,"column":0},"end":{"line":2,"column":42}},"2":{"start":{"line":3,"column":0},"end":{"line":3,"column":54}},"3":{"start":{"line":4,"column":0},"end":{"line":4,"column":52}},"4":{"start":{"line":5,"column":0},"end":{"line":5,"column":47}},"5":{"start":{"line":6,"column":0},"end":{"line":6,"column":43}},"6":{"start":{"line":7,"column":0},"end":{"line":7,"column":63}},"7":{"start":{"line":9,"column":0},"end":{"line":9,"column":59}},"8":{"start":{"line":10,"column":0},"end":{"line":10,"column":65}},"9":{"start":{"line":11,"column":0},"end":{"line":11,"column":73}},"10":{"start":{"line":12,"column":0},"end":{"line":12,"column":59}},"11":{"start":{"line":14,"column":14},"end":{"line":118,"column":1}},"12":{"start":{"line":15,"column":19},"end":{"line":15,"column":32}},"13":{"start":{"line":21,"column":6},"end":{"line":24,"column":4}},"14":{"start":{"line":26,"column":42},"end":{"line":30,"column":4}},"15":{"start":{"line":32,"column":19},"end":{"line":50,"column":4}},"16":{"start":{"line":35,"column":6},"end":{"line":35,"column":62}},"17":{"start":{"line":36,"column":6},"end":{"line":40,"column":9}},"18":{"start":{"line":41,"column":6},"end":{"line":41,"column":51}},"19":{"start":{"line":41,"column":23},"end":{"line":41,"column":43}},"20":{"start":{"line":44,"column":6},"end":{"line":48,"column":9}},"21":{"start":{"line":52,"column":19},"end":{"line":54,"column":3}},"22":{"start":{"line":53,"column":4},"end":{"line":53,"column":26}},"23":{"start":{"line":56,"column":27},"end":{"line":60,"column":3}},"24":{"start":{"line":57,"column":4},"end":{"line":57,"column":23}},"25":{"start":{"line":58,"column":4},"end":{"line":58,"column":24}},"26":{"start":{"line":59,"column":4},"end":{"line":59,"column":30}},"27":{"start":{"line":62,"column":25},"end":{"line":67,"column":3}},"28":{"start":{"line":63,"column":4},"end":{"line":66,"column":5}},"29":{"start":{"line":64,"column":6},"end":{"line":64,"column":25}},"30":{"start":{"line":65,"column":6},"end":{"line":65,"column":31}},"31":{"start":{"line":69,"column":2},"end":{"line":117,"column":4}},"32":{"start":{"line":75,"column":23},"end":{"line":75,"column":79}},"33":{"start":{"line":75,"column":50},"end":{"line":75,"column":77}},"34":{"start":{"line":85,"column":31},"end":{"line":85,"column":52}},"35":{"start":{"line":120,"column":0},"end":{"line":120,"column":21}}},"fnMap":{"0":{"name":"(anonymous_1)","decl":{"start":{"line":14,"column":14},"end":{"line":14,"column":17}},"loc":{"start":{"line":14,"column":19},"end":{"line":118,"column":1}}},"1":{"name":"(anonymous_2)","decl":{"start":{"line":34,"column":15},"end":{"line":34,"column":16}},"loc":{"start":{"line":34,"column":29},"end":{"line":42,"column":5}}},"2":{"name":"(anonymous_3)","decl":{"start":{"line":41,"column":17},"end":{"line":41,"column":20}},"loc":{"start":{"line":41,"column":23},"end":{"line":41,"column":43}}},"3":{"name":"(anonymous_4)","decl":{"start":{"line":43,"column":13},"end":{"line":43,"column":14}},"loc":{"start":{"line":43,"column":28},"end":{"line":49,"column":5}}},"4":{"name":"(anonymous_5)","decl":{"start":{"line":52,"column":19},"end":{"line":52,"column":20}},"loc":{"start":{"line":52,"column":43},"end":{"line":54,"column":3}}},"5":{"name":"(anonymous_6)","decl":{"start":{"line":56,"column":27},"end":{"line":56,"column":28}},"loc":{"start":{"line":56,"column":67},"end":{"line":60,"column":3}}},"6":{"name":"(anonymous_7)","decl":{"start":{"line":62,"column":25},"end":{"line":62,"column":26}},"loc":{"start":{"line":62,"column":70},"end":{"line":67,"column":3}}},"7":{"name":"(anonymous_8)","decl":{"start":{"line":75,"column":17},"end":{"line":75,"column":20}},"loc":{"start":{"line":75,"column":23},"end":{"line":75,"column":79}}},"8":{"name":"(anonymous_9)","decl":{"start":{"line":75,"column":39},"end":{"line":75,"column":40}},"loc":{"start":{"line":75,"column":50},"end":{"line":75,"column":77}}},"9":{"name":"(anonymous_10)","decl":{"start":{"line":85,"column":25},"end":{"line":85,"column":28}},"loc":{"start":{"line":85,"column":31},"end":{"line":85,"column":52}}}},"branchMap":{"0":{"loc":{"start":{"line":45,"column":17},"end":{"line":45,"column":63}},"type":"binary-expr","locations":[{"start":{"line":45,"column":17},"end":{"line":45,"column":46}},{"start":{"line":45,"column":50},"end":{"line":45,"column":63}}]},"1":{"loc":{"start":{"line":63,"column":4},"end":{"line":66,"column":5}},"type":"if","locations":[{"start":{"line":63,"column":4},"end":{"line":66,"column":5}},{"start":{},"end":{}}]}},"s":{"0":1,"1":1,"2":1,"3":1,"4":1,"5":1,"6":1,"7":1,"8":1,"9":1,"10":1,"11":1,"12":9,"13":9,"14":9,"15":9,"16":1,"17":1,"18":1,"19":1,"20":1,"21":9,"22":3,"23":9,"24":3,"25":3,"26":3,"27":9,"28":0,"29":0,"30":0,"31":9,"32":0,"33":0,"34":0,"35":1},"f":{"0":9,"1":1,"2":1,"3":1,"4":3,"5":3,"6":0,"7":0,"8":0,"9":0},"b":{"0":[1,0],"1":[0,0]}}
,"C:\\Users\\des1d\\Desktop\\groupBWT\\FE\\src\\pages\\auth\\register\\register.tsx": {"path":"C:\\Users\\des1d\\Desktop\\groupBWT\\FE\\src\\pages\\auth\\register\\register.tsx","statementMap":{"0":{"start":{"line":1,"column":0},"end":{"line":1,"column":33}},"1":{"start":{"line":2,"column":0},"end":{"line":2,"column":42}},"2":{"start":{"line":3,"column":0},"end":{"line":3,"column":54}},"3":{"start":{"line":4,"column":0},"end":{"line":4,"column":52}},"4":{"start":{"line":5,"column":0},"end":{"line":5,"column":47}},"5":{"start":{"line":6,"column":0},"end":{"line":6,"column":68}},"6":{"start":{"line":7,"column":0},"end":{"line":7,"column":82}},"7":{"start":{"line":9,"column":0},"end":{"line":9,"column":59}},"8":{"start":{"line":10,"column":0},"end":{"line":10,"column":65}},"9":{"start":{"line":11,"column":0},"end":{"line":11,"column":73}},"10":{"start":{"line":12,"column":0},"end":{"line":12,"column":59}},"11":{"start":{"line":14,"column":17},"end":{"line":110,"column":1}},"12":{"start":{"line":15,"column":19},"end":{"line":15,"column":32}},"13":{"start":{"line":21,"column":6},"end":{"line":24,"column":4}},"14":{"start":{"line":26,"column":42},"end":{"line":30,"column":4}},"15":{"start":{"line":32,"column":19},"end":{"line":50,"column":4}},"16":{"start":{"line":35,"column":6},"end":{"line":35,"column":62}},"17":{"start":{"line":36,"column":6},"end":{"line":40,"column":9}},"18":{"start":{"line":41,"column":6},"end":{"line":41,"column":51}},"19":{"start":{"line":41,"column":23},"end":{"line":41,"column":43}},"20":{"start":{"line":44,"column":6},"end":{"line":48,"column":9}},"21":{"start":{"line":52,"column":19},"end":{"line":66,"column":3}},"22":{"start":{"line":53,"column":4},"end":{"line":55,"column":5}},"23":{"start":{"line":54,"column":6},"end":{"line":54,"column":13}},"24":{"start":{"line":57,"column":39},"end":{"line":62,"column":6}},"25":{"start":{"line":65,"column":4},"end":{"line":65,"column":34}},"26":{"start":{"line":68,"column":2},"end":{"line":109,"column":4}},"27":{"start":{"line":74,"column":23},"end":{"line":74,"column":79}},"28":{"start":{"line":74,"column":50},"end":{"line":74,"column":77}},"29":{"start":{"line":83,"column":31},"end":{"line":83,"column":49}},"30":{"start":{"line":88,"column":12},"end":{"line":89,"column":null}},"31":{"start":{"line":112,"column":0},"end":{"line":112,"column":24}}},"fnMap":{"0":{"name":"(anonymous_1)","decl":{"start":{"line":14,"column":17},"end":{"line":14,"column":20}},"loc":{"start":{"line":14,"column":22},"end":{"line":110,"column":1}}},"1":{"name":"(anonymous_2)","decl":{"start":{"line":34,"column":15},"end":{"line":34,"column":16}},"loc":{"start":{"line":34,"column":29},"end":{"line":42,"column":5}}},"2":{"name":"(anonymous_3)","decl":{"start":{"line":41,"column":17},"end":{"line":41,"column":20}},"loc":{"start":{"line":41,"column":23},"end":{"line":41,"column":43}}},"3":{"name":"(anonymous_4)","decl":{"start":{"line":43,"column":13},"end":{"line":43,"column":14}},"loc":{"start":{"line":43,"column":28},"end":{"line":49,"column":5}}},"4":{"name":"(anonymous_5)","decl":{"start":{"line":52,"column":19},"end":{"line":52,"column":20}},"loc":{"start":{"line":52,"column":46},"end":{"line":66,"column":3}}},"5":{"name":"(anonymous_6)","decl":{"start":{"line":74,"column":17},"end":{"line":74,"column":20}},"loc":{"start":{"line":74,"column":23},"end":{"line":74,"column":79}}},"6":{"name":"(anonymous_7)","decl":{"start":{"line":74,"column":39},"end":{"line":74,"column":40}},"loc":{"start":{"line":74,"column":50},"end":{"line":74,"column":77}}},"7":{"name":"(anonymous_8)","decl":{"start":{"line":83,"column":25},"end":{"line":83,"column":28}},"loc":{"start":{"line":83,"column":31},"end":{"line":83,"column":49}}},"8":{"name":"(anonymous_9)","decl":{"start":{"line":87,"column":30},"end":{"line":87,"column":31}},"loc":{"start":{"line":88,"column":12},"end":{"line":89,"column":null}}}},"branchMap":{"0":{"loc":{"start":{"line":45,"column":17},"end":{"line":45,"column":63}},"type":"binary-expr","locations":[{"start":{"line":45,"column":17},"end":{"line":45,"column":46}},{"start":{"line":45,"column":50},"end":{"line":45,"column":63}}]},"1":{"loc":{"start":{"line":53,"column":4},"end":{"line":55,"column":5}},"type":"if","locations":[{"start":{"line":53,"column":4},"end":{"line":55,"column":5}},{"start":{},"end":{}}]}},"s":{"0":1,"1":1,"2":1,"3":1,"4":1,"5":1,"6":1,"7":1,"8":1,"9":1,"10":1,"11":1,"12":11,"13":11,"14":10,"15":10,"16":1,"17":1,"18":1,"19":1,"20":1,"21":10,"22":2,"23":0,"24":2,"25":2,"26":10,"27":0,"28":0,"29":0,"30":50,"31":1},"f":{"0":11,"1":1,"2":1,"3":1,"4":2,"5":0,"6":0,"7":0,"8":50},"b":{"0":[1,0],"1":[0,2]}}
,"C:\\Users\\des1d\\Desktop\\groupBWT\\FE\\src\\pages\\gallery\\gallery.tsx": {"path":"C:\\Users\\des1d\\Desktop\\groupBWT\\FE\\src\\pages\\gallery\\gallery.tsx","statementMap":{"0":{"start":{"line":1,"column":0},"end":{"line":1,"column":71}},"1":{"start":{"line":3,"column":0},"end":{"line":3,"column":78}},"2":{"start":{"line":4,"column":0},"end":{"line":4,"column":47}},"3":{"start":{"line":5,"column":0},"end":{"line":5,"column":44}},"4":{"start":{"line":6,"column":0},"end":{"line":6,"column":51}},"5":{"start":{"line":7,"column":0},"end":{"line":7,"column":55}},"6":{"start":{"line":8,"column":0},"end":{"line":8,"column":68}},"7":{"start":{"line":9,"column":0},"end":{"line":9,"column":66}},"8":{"start":{"line":10,"column":0},"end":{"line":10,"column":82}},"9":{"start":{"line":11,"column":0},"end":{"line":11,"column":52}},"10":{"start":{"line":12,"column":0},"end":{"line":12,"column":67}},"11":{"start":{"line":14,"column":16},"end":{"line":300,"column":1}},"12":{"start":{"line":15,"column":19},"end":{"line":15,"column":32}},"13":{"start":{"line":16,"column":22},"end":{"line":16,"column":38}},"14":{"start":{"line":17,"column":26},"end":{"line":17,"column":37}},"15":{"start":{"line":18,"column":16},"end":{"line":18,"column":17}},"16":{"start":{"line":19,"column":36},"end":{"line":19,"column":51}},"17":{"start":{"line":20,"column":48},"end":{"line":21,"column":null}},"18":{"start":{"line":23,"column":30},"end":{"line":23,"column":42}},"19":{"start":{"line":24,"column":30},"end":{"line":25,"column":null}},"20":{"start":{"line":27,"column":28},"end":{"line":27,"column":59}},"21":{"start":{"line":28,"column":34},"end":{"line":28,"column":73}},"22":{"start":{"line":29,"column":30},"end":{"line":29,"column":69}},"23":{"start":{"line":30,"column":36},"end":{"line":30,"column":75}},"24":{"start":{"line":31,"column":36},"end":{"line":31,"column":75}},"25":{"start":{"line":32,"column":48},"end":{"line":32,"column":64}},"26":{"start":{"line":33,"column":44},"end":{"line":33,"column":59}},"27":{"start":{"line":35,"column":2},"end":{"line":38,"column":15}},"28":{"start":{"line":36,"column":18},"end":{"line":36,"column":67}},"29":{"start":{"line":36,"column":35},"end":{"line":36,"column":61}},"30":{"start":{"line":37,"column":4},"end":{"line":37,"column":37}},"31":{"start":{"line":37,"column":17},"end":{"line":37,"column":36}},"32":{"start":{"line":40,"column":2},"end":{"line":42,"column":79}},"33":{"start":{"line":41,"column":4},"end":{"line":41,"column":15}},"34":{"start":{"line":44,"column":42},"end":{"line":69,"column":4}},"35":{"start":{"line":57,"column":6},"end":{"line":67,"column":8}},"36":{"start":{"line":68,"column":31},"end":{"line":68,"column":35}},"37":{"start":{"line":71,"column":25},"end":{"line":86,"column":4}},"38":{"start":{"line":72,"column":32},"end":{"line":72,"column":52}},"39":{"start":{"line":74,"column":6},"end":{"line":74,"column":66}},"40":{"start":{"line":75,"column":27},"end":{"line":75,"column":57}},"41":{"start":{"line":76,"column":6},"end":{"line":78,"column":7}},"42":{"start":{"line":77,"column":8},"end":{"line":77,"column":26}},"43":{"start":{"line":80,"column":6},"end":{"line":80,"column":26}},"44":{"start":{"line":81,"column":6},"end":{"line":81,"column":31}},"45":{"start":{"line":84,"column":6},"end":{"line":84,"column":51}},"46":{"start":{"line":88,"column":28},"end":{"line":91,"column":3}},"47":{"start":{"line":89,"column":4},"end":{"line":89,"column":32}},"48":{"start":{"line":90,"column":4},"end":{"line":90,"column":23}},"49":{"start":{"line":93,"column":24},"end":{"line":97,"column":3}},"50":{"start":{"line":94,"column":4},"end":{"line":96,"column":5}},"51":{"start":{"line":95,"column":6},"end":{"line":95,"column":48}},"52":{"start":{"line":99,"column":23},"end":{"line":102,"column":3}},"53":{"start":{"line":100,"column":4},"end":{"line":100,"column":24}},"54":{"start":{"line":101,"column":4},"end":{"line":101,"column":29}},"55":{"start":{"line":103,"column":29},"end":{"line":109,"column":3}},"56":{"start":{"line":104,"column":4},"end":{"line":104,"column":27}},"57":{"start":{"line":105,"column":4},"end":{"line":105,"column":25}},"58":{"start":{"line":106,"column":4},"end":{"line":106,"column":28}},"59":{"start":{"line":107,"column":4},"end":{"line":107,"column":28}},"60":{"start":{"line":108,"column":4},"end":{"line":108,"column":15}},"61":{"start":{"line":111,"column":28},"end":{"line":114,"column":3}},"62":{"start":{"line":112,"column":4},"end":{"line":112,"column":18}},"63":{"start":{"line":113,"column":4},"end":{"line":113,"column":27}},"64":{"start":{"line":116,"column":2},"end":{"line":122,"column":3}},"65":{"start":{"line":117,"column":4},"end":{"line":121,"column":6}},"66":{"start":{"line":124,"column":2},"end":{"line":299,"column":4}},"67":{"start":{"line":142,"column":23},"end":{"line":142,"column":46}},"68":{"start":{"line":174,"column":29},"end":{"line":174,"column":52}},"69":{"start":{"line":184,"column":53},"end":{"line":184,"column":75}},"70":{"start":{"line":206,"column":29},"end":{"line":206,"column":53}},"71":{"start":{"line":221,"column":14},"end":{"line":222,"column":null}},"72":{"start":{"line":225,"column":31},"end":{"line":225,"column":70}},"73":{"start":{"line":230,"column":38},"end":{"line":230,"column":57}},"74":{"start":{"line":241,"column":28},"end":{"line":241,"column":48}},"75":{"start":{"line":242,"column":28},"end":{"line":242,"column":65}},"76":{"start":{"line":249,"column":28},"end":{"line":249,"column":48}},"77":{"start":{"line":250,"column":28},"end":{"line":250,"column":52}},"78":{"start":{"line":302,"column":0},"end":{"line":302,"column":23}}},"fnMap":{"0":{"name":"(anonymous_1)","decl":{"start":{"line":14,"column":16},"end":{"line":14,"column":19}},"loc":{"start":{"line":14,"column":21},"end":{"line":300,"column":1}}},"1":{"name":"(anonymous_2)","decl":{"start":{"line":35,"column":12},"end":{"line":35,"column":15}},"loc":{"start":{"line":35,"column":17},"end":{"line":38,"column":3}}},"2":{"name":"(anonymous_3)","decl":{"start":{"line":36,"column":29},"end":{"line":36,"column":32}},"loc":{"start":{"line":36,"column":35},"end":{"line":36,"column":61}}},"3":{"name":"(anonymous_4)","decl":{"start":{"line":37,"column":11},"end":{"line":37,"column":14}},"loc":{"start":{"line":37,"column":17},"end":{"line":37,"column":36}}},"4":{"name":"(anonymous_5)","decl":{"start":{"line":40,"column":12},"end":{"line":40,"column":15}},"loc":{"start":{"line":40,"column":17},"end":{"line":42,"column":3}}},"5":{"name":"(anonymous_6)","decl":{"start":{"line":56,"column":13},"end":{"line":56,"column":16}},"loc":{"start":{"line":57,"column":6},"end":{"line":67,"column":8}}},"6":{"name":"(anonymous_7)","decl":{"start":{"line":68,"column":21},"end":{"line":68,"column":22}},"loc":{"start":{"line":68,"column":31},"end":{"line":68,"column":35}}},"7":{"name":"(anonymous_8)","decl":{"start":{"line":72,"column":16},"end":{"line":72,"column":17}},"loc":{"start":{"line":72,"column":32},"end":{"line":72,"column":52}}},"8":{"name":"(anonymous_9)","decl":{"start":{"line":73,"column":15},"end":{"line":73,"column":18}},"loc":{"start":{"line":73,"column":20},"end":{"line":82,"column":5}}},"9":{"name":"(anonymous_10)","decl":{"start":{"line":83,"column":13},"end":{"line":83,"column":14}},"loc":{"start":{"line":83,"column":23},"end":{"line":85,"column":5}}},"10":{"name":"(anonymous_11)","decl":{"start":{"line":88,"column":28},"end":{"line":88,"column":29}},"loc":{"start":{"line":88,"column":53},"end":{"line":91,"column":3}}},"11":{"name":"(anonymous_12)","decl":{"start":{"line":93,"column":24},"end":{"line":93,"column":27}},"loc":{"start":{"line":93,"column":29},"end":{"line":97,"column":3}}},"12":{"name":"(anonymous_13)","decl":{"start":{"line":99,"column":23},"end":{"line":99,"column":26}},"loc":{"start":{"line":99,"column":28},"end":{"line":102,"column":3}}},"13":{"name":"(anonymous_14)","decl":{"start":{"line":103,"column":29},"end":{"line":103,"column":32}},"loc":{"start":{"line":103,"column":34},"end":{"line":109,"column":3}}},"14":{"name":"(anonymous_15)","decl":{"start":{"line":111,"column":28},"end":{"line":111,"column":31}},"loc":{"start":{"line":111,"column":33},"end":{"line":114,"column":3}}},"15":{"name":"(anonymous_16)","decl":{"start":{"line":142,"column":17},"end":{"line":142,"column":20}},"loc":{"start":{"line":142,"column":23},"end":{"line":142,"column":46}}},"16":{"name":"(anonymous_17)","decl":{"start":{"line":174,"column":23},"end":{"line":174,"column":26}},"loc":{"start":{"line":174,"column":29},"end":{"line":174,"column":52}}},"17":{"name":"(anonymous_18)","decl":{"start":{"line":184,"column":47},"end":{"line":184,"column":50}},"loc":{"start":{"line":184,"column":53},"end":{"line":184,"column":75}}},"18":{"name":"(anonymous_19)","decl":{"start":{"line":206,"column":23},"end":{"line":206,"column":26}},"loc":{"start":{"line":206,"column":29},"end":{"line":206,"column":53}}},"19":{"name":"(anonymous_20)","decl":{"start":{"line":220,"column":33},"end":{"line":220,"column":34}},"loc":{"start":{"line":221,"column":14},"end":{"line":222,"column":null}}},"20":{"name":"(anonymous_21)","decl":{"start":{"line":225,"column":25},"end":{"line":225,"column":28}},"loc":{"start":{"line":225,"column":31},"end":{"line":225,"column":70}}},"21":{"name":"(anonymous_22)","decl":{"start":{"line":230,"column":31},"end":{"line":230,"column":32}},"loc":{"start":{"line":230,"column":38},"end":{"line":230,"column":57}}},"22":{"name":"(anonymous_23)","decl":{"start":{"line":240,"column":35},"end":{"line":240,"column":36}},"loc":{"start":{"line":240,"column":78},"end":{"line":243,"column":27}}},"23":{"name":"(anonymous_24)","decl":{"start":{"line":248,"column":35},"end":{"line":248,"column":36}},"loc":{"start":{"line":248,"column":78},"end":{"line":251,"column":27}}}},"branchMap":{"0":{"loc":{"start":{"line":75,"column":27},"end":{"line":75,"column":57}},"type":"binary-expr","locations":[{"start":{"line":75,"column":27},"end":{"line":75,"column":52}},{"start":{"line":75,"column":56},"end":{"line":75,"column":57}}]},"1":{"loc":{"start":{"line":76,"column":6},"end":{"line":78,"column":7}},"type":"if","locations":[{"start":{"line":76,"column":6},"end":{"line":78,"column":7}},{"start":{},"end":{}}]},"2":{"loc":{"start":{"line":76,"column":10},"end":{"line":76,"column":40}},"type":"binary-expr","locations":[{"start":{"line":76,"column":10},"end":{"line":76,"column":28}},{"start":{"line":76,"column":32},"end":{"line":76,"column":40}}]},"3":{"loc":{"start":{"line":94,"column":4},"end":{"line":96,"column":5}},"type":"if","locations":[{"start":{"line":94,"column":4},"end":{"line":96,"column":5}},{"start":{},"end":{}}]},"4":{"loc":{"start":{"line":116,"column":2},"end":{"line":122,"column":3}},"type":"if","locations":[{"start":{"line":116,"column":2},"end":{"line":122,"column":3}},{"start":{},"end":{}}]},"5":{"loc":{"start":{"line":116,"column":6},"end":{"line":116,"column":30}},"type":"binary-expr","locations":[{"start":{"line":116,"column":6},"end":{"line":116,"column":15}},{"start":{"line":116,"column":19},"end":{"line":116,"column":30}}]},"6":{"loc":{"start":{"line":217,"column":11},"end":{"line":272,"column":null}},"type":"cond-expr","locations":[{"start":{"line":218,"column":12},"end":{"line":218,"column":60}},{"start":{"line":220,"column":12},"end":{"line":272,"column":14}}]},"7":{"loc":{"start":{"line":217,"column":11},"end":{"line":217,"column":63}},"type":"binary-expr","locations":[{"start":{"line":217,"column":11},"end":{"line":217,"column":29}},{"start":{"line":217,"column":33},"end":{"line":217,"column":63}}]},"8":{"loc":{"start":{"line":278,"column":30},"end":{"line":278,"column":52}},"type":"binary-expr","locations":[{"start":{"line":278,"column":30},"end":{"line":278,"column":47}},{"start":{"line":278,"column":51},"end":{"line":278,"column":52}}]},"9":{"loc":{"start":{"line":288,"column":7},"end":{"line":296,"column":null}},"type":"binary-expr","locations":[{"start":{"line":288,"column":7},"end":{"line":288,"column":16}},{"start":{"line":288,"column":20},"end":{"line":288,"column":35}},{"start":{"line":289,"column":8},"end":{"line":294,"column":null}}]}},"s":{"0":1,"1":1,"2":1,"3":1,"4":1,"5":1,"6":1,"7":1,"8":1,"9":1,"10":1,"11":1,"12":28,"13":28,"14":28,"15":28,"16":28,"17":28,"18":28,"19":28,"20":28,"21":28,"22":28,"23":28,"24":28,"25":28,"26":28,"27":28,"28":8,"29":1,"30":8,"31":8,"32":28,"33":8,"34":28,"35":10,"36":40,"37":28,"38":1,"39":1,"40":1,"41":1,"42":0,"43":1,"44":1,"45":0,"46":28,"47":1,"48":1,"49":28,"50":1,"51":1,"52":28,"53":0,"54":0,"55":28,"56":1,"57":1,"58":1,"59":1,"60":1,"61":28,"62":0,"63":0,"64":28,"65":7,"66":21,"67":0,"68":0,"69":1,"70":1,"71":42,"72":0,"73":1,"74":0,"75":0,"76":1,"77":1,"78":1},"f":{"0":28,"1":8,"2":1,"3":8,"4":8,"5":10,"6":40,"7":1,"8":1,"9":0,"10":1,"11":1,"12":0,"13":1,"14":0,"15":0,"16":0,"17":1,"18":1,"19":42,"20":0,"21":1,"22":0,"23":1},"b":{"0":[1,0],"1":[0,1],"2":[1,0],"3":[1,0],"4":[7,21],"5":[28,7],"6":[0,21],"7":[21,21],"8":[21,0],"9":[21,1,1]}}
,"C:\\Users\\des1d\\Desktop\\groupBWT\\FE\\src\\pages\\gallery\\add\\addGallery.tsx": {"path":"C:\\Users\\des1d\\Desktop\\groupBWT\\FE\\src\\pages\\gallery\\add\\addGallery.tsx","statementMap":{"0":{"start":{"line":1,"column":0},"end":{"line":1,"column":42}},"1":{"start":{"line":2,"column":0},"end":{"line":2,"column":59}},"2":{"start":{"line":3,"column":0},"end":{"line":3,"column":54}},"3":{"start":{"line":4,"column":0},"end":{"line":4,"column":49}},"4":{"start":{"line":5,"column":0},"end":{"line":5,"column":null}},"5":{"start":{"line":9,"column":0},"end":{"line":9,"column":68}},"6":{"start":{"line":10,"column":0},"end":{"line":10,"column":47}},"7":{"start":{"line":11,"column":0},"end":{"line":11,"column":65}},"8":{"start":{"line":12,"column":0},"end":{"line":12,"column":63}},"9":{"start":{"line":14,"column":19},"end":{"line":97,"column":1}},"10":{"start":{"line":15,"column":19},"end":{"line":15,"column":32}},"11":{"start":{"line":16,"column":22},"end":{"line":16,"column":38}},"12":{"start":{"line":17,"column":17},"end":{"line":32,"column":4}},"13":{"start":{"line":39,"column":6},"end":{"line":42,"column":4}},"14":{"start":{"line":44,"column":22},"end":{"line":51,"column":4}},"15":{"start":{"line":47,"column":6},"end":{"line":47,"column":66}},"16":{"start":{"line":48,"column":6},"end":{"line":48,"column":14}},"17":{"start":{"line":49,"column":6},"end":{"line":49,"column":27}},"18":{"start":{"line":53,"column":19},"end":{"line":55,"column":3}},"19":{"start":{"line":54,"column":4},"end":{"line":54,"column":29}},"20":{"start":{"line":57,"column":2},"end":{"line":96,"column":4}},"21":{"start":{"line":70,"column":18},"end":{"line":71,"column":null}},"22":{"start":{"line":99,"column":0},"end":{"line":99,"column":26}}},"fnMap":{"0":{"name":"(anonymous_0)","decl":{"start":{"line":14,"column":19},"end":{"line":14,"column":22}},"loc":{"start":{"line":14,"column":24},"end":{"line":97,"column":1}}},"1":{"name":"(anonymous_1)","decl":{"start":{"line":46,"column":15},"end":{"line":46,"column":18}},"loc":{"start":{"line":46,"column":20},"end":{"line":50,"column":5}}},"2":{"name":"(anonymous_2)","decl":{"start":{"line":53,"column":19},"end":{"line":53,"column":20}},"loc":{"start":{"line":53,"column":46},"end":{"line":55,"column":3}}},"3":{"name":"(anonymous_3)","decl":{"start":{"line":69,"column":28},"end":{"line":69,"column":29}},"loc":{"start":{"line":70,"column":18},"end":{"line":71,"column":null}}}},"branchMap":{},"s":{"0":1,"1":1,"2":1,"3":1,"4":1,"5":1,"6":1,"7":1,"8":1,"9":1,"10":13,
[...]
:71}}},"31":{"name":"(anonymous_31)","decl":{"start":{"line":316,"column":31},"end":{"line":316,"column":32}},"loc":{"start":{"line":316,"column":70},"end":{"line":319,"column":23}}},"32":{"name":"(anonymous_32)","decl":{"start":{"line":324,"column":31},"end":{"line":324,"column":32}},"loc":{"start":{"line":324,"column":70},"end":{"line":327,"column":23}}},"33":{"name":"(anonymous_33)","decl":{"start":{"line":332,"column":31},"end":{"line":332,"column":32}},"loc":{"start":{"line":332,"column":70},"end":{"line":335,"column":23}}},"34":{"name":"(anonymous_34)","decl":{"start":{"line":360,"column":19},"end":{"line":360,"column":22}},"loc":{"start":{"line":360,"column":25},"end":{"line":360,"column":47}}},"35":{"name":"(anonymous_35)","decl":{"start":{"line":366,"column":21},"end":{"line":366,"column":22}},"loc":{"start":{"line":366,"column":28},"end":{"line":366,"column":47}}},"36":{"name":"(anonymous_36)","decl":{"start":{"line":386,"column":17},"end":{"line":386,"column":20}},"loc":{"start":{"line":386,"column":22},"end":{"line":390,"column":9}}},"37":{"name":"(anonymous_37)","decl":{"start":{"line":387,"column":32},"end":{"line":387,"column":33}},"loc":{"start":{"line":387,"column":39},"end":{"line":387,"column":69}}},"38":{"name":"(anonymous_38)","decl":{"start":{"line":391,"column":20},"end":{"line":391,"column":21}},"loc":{"start":{"line":391,"column":31},"end":{"line":391,"column":78}}},"39":{"name":"(anonymous_39)","decl":{"start":{"line":391,"column":48},"end":{"line":391,"column":49}},"loc":{"start":{"line":391,"column":58},"end":{"line":391,"column":77}}},"40":{"name":"(anonymous_40)","decl":{"start":{"line":392,"column":22},"end":{"line":392,"column":23}},"loc":{"start":{"line":392,"column":32},"end":{"line":395,"column":9}}},"41":{"name":"(anonymous_41)","decl":{"start":{"line":394,"column":27},"end":{"line":394,"column":28}},"loc":{"start":{"line":394,"column":37},"end":{"line":394,"column":71}}},"42":{"name":"(anonymous_42)","decl":{"start":{"line":394,"column":49},"end":{"line":394,"column":50}},"loc":{"start":{"line":394,"column":59},"end":{"line":394,"column":70}}},"43":{"name":"(anonymous_43)","decl":{"start":{"line":396,"column":18},"end":{"line":396,"column":21}},"loc":{"start":{"line":396,"column":23},"end":{"line":403,"column":9}}},"44":{"name":"(anonymous_44)","decl":{"start":{"line":400,"column":37},"end":{"line":400,"column":38}},"loc":{"start":{"line":400,"column":44},"end":{"line":400,"column":50}}}},"branchMap":{"0":{"loc":{"start":{"line":98,"column":6},"end":{"line":100,"column":7}},"type":"if","locations":[{"start":{"line":98,"column":6},"end":{"line":100,"column":7}},{"start":{},"end":{}}]},"1":{"loc":{"start":{"line":98,"column":10},"end":{"line":98,"column":62}},"type":"binary-expr","locations":[{"start":{"line":98,"column":10},"end":{"line":98,"column":50}},{"start":{"line":98,"column":54},"end":{"line":98,"column":62}}]},"2":{"loc":{"start":{"line":98,"column":11},"end":{"line":98,"column":43}},"type":"binary-expr","locations":[{"start":{"line":98,"column":11},"end":{"line":98,"column":38}},{"start":{"line":98,"column":42},"end":{"line":98,"column":43}}]},"3":{"loc":{"start":{"line":127,"column":17},"end":{"line":127,"column":63}},"type":"binary-expr","locations":[{"start":{"line":127,"column":17},"end":{"line":127,"column":46}},{"start":{"line":127,"column":50},"end":{"line":127,"column":63}}]},"4":{"loc":{"start":{"line":146,"column":6},"end":{"line":148,"column":7}},"type":"if","locations":[{"start":{"line":146,"column":6},"end":{"line":148,"column":7}},{"start":{},"end":{}}]},"5":{"loc":{"start":{"line":146,"column":10},"end":{"line":146,"column":62}},"type":"binary-expr","locations":[{"start":{"line":146,"column":10},"end":{"line":146,"column":50}},{"start":{"line":146,"column":54},"end":{"line":146,"column":62}}]},"6":{"loc":{"start":{"line":146,"column":11},"end":{"line":146,"column":43}},"type":"binary-expr","locations":[{"start":{"line":146,"column":11},"end":{"line":146,"column":38}},{"start":{"line":146,"column":42},"end":{"line":146,"column":43}}]},"7":{"loc":{"start":{"line":178,"column":4},"end":{"line":180,"column":5}},"type":"if","locations":[{"start":{"line":178,"column":4},"end":{"line":180,"column":5}},{"start":{},"end":{}}]},"8":{"loc":{"start":{"line":178,"column":8},"end":{"line":178,"column":60}},"type":"binary-expr","locations":[{"start":{"line":178,"column":8},"end":{"line":178,"column":48}},{"start":{"line":178,"column":52},"end":{"line":178,"column":60}}]},"9":{"loc":{"start":{"line":178,"column":9},"end":{"line":178,"column":41}},"type":"binary-expr","locations":[{"start":{"line":178,"column":9},"end":{"line":178,"column":36}},{"start":{"line":178,"column":40},"end":{"line":178,"column":41}}]},"10":{"loc":{"start":{"line":196,"column":4},"end":{"line":198,"column":5}},"type":"if","locations":[{"start":{"line":196,"column":4},"end":{"line":198,"column":5}},{"start":{},"end":{}}]},"11":{"loc":{"start":{"line":218,"column":4},"end":{"line":229,"column":5}},"type":"if","locations":[{"start":{"line":218,"column":4},"end":{"line":229,"column":5}},{"start":{},"end":{}}]},"12":{"loc":{"start":{"line":218,"column":8},"end":{"line":218,"column":50}},"type":"binary-expr","locations":[{"start":{"line":218,"column":8},"end":{"line":218,"column":29}},{"start":{"line":218,"column":33},"end":{"line":218,"column":50}}]},"13":{"loc":{"start":{"line":224,"column":6},"end":{"line":228,"column":7}},"type":"if","locations":[{"start":{"line":224,"column":6},"end":{"line":228,"column":7}},{"start":{"line":226,"column":13},"end":{"line":228,"column":7}}]},"14":{"loc":{"start":{"line":232,"column":2},"end":{"line":234,"column":3}},"type":"if","locations":[{"start":{"line":232,"column":2},"end":{"line":234,"column":3}},{"start":{},"end":{}}]},"15":{"loc":{"start":{"line":236,"column":2},"end":{"line":238,"column":3}},"type":"if","locations":[{"start":{"line":236,"column":2},"end":{"line":238,"column":3}},{"start":{},"end":{}}]},"16":{"loc":{"start":{"line":240,"column":2},"end":{"line":242,"column":3}},"type":"if","locations":[{"start":{"line":240,"column":2},"end":{"line":242,"column":3}},{"start":{},"end":{}}]},"17":{"loc":{"start":{"line":245,"column":21},"end":{"line":245,"column":49}},"type":"binary-expr","locations":[{"start":{"line":245,"column":21},"end":{"line":245,"column":44}},{"start":{"line":245,"column":48},"end":{"line":245,"column":49}}]},"18":{"loc":{"start":{"line":246,"column":20},"end":{"line":246,"column":68}},"type":"binary-expr","locations":[{"start":{"line":246,"column":20},"end":{"line":246,"column":42}},{"start":{"line":246,"column":46},"end":{"line":246,"column":68}}]},"19":{"loc":{"start":{"line":357,"column":7},"end":{"line":368,"column":null}},"type":"binary-expr","locations":[{"start":{"line":357,"column":7},"end":{"line":357,"column":20}},{"start":{"line":358,"column":8},"end":{"line":367,"column":null}}]},"20":{"loc":{"start":{"line":371,"column":7},"end":{"line":379,"column":null}},"type":"binary-expr","locations":[{"start":{"line":371,"column":7},"end":{"line":371,"column":18}},{"start":{"line":371,"column":22},"end":{"line":371,"column":37}},{"start":{"line":372,"column":8},"end":{"line":377,"column":null}}]},"21":{"loc":{"start":{"line":397,"column":10},"end":{"line":397,"column":35}},"type":"if","locations":[{"start":{"line":397,"column":10},"end":{"line":397,"column":35}},{"start":{},"end":{}}]},"22":{"loc":{"start":{"line":410,"column":20},"end":{"line":410,"column":43}},"type":"binary-expr","locations":[{"start":{"line":410,"column":20},"end":{"line":410,"column":37}},{"start":{"line":410,"column":41},"end":{"line":410,"column":43}}]}},"s":{"0":1,"1":1,"2":1,"3":1,"4":1,"5":1,"6":1,"7":1,"8":1,"9":1,"10":1,"11":1,"12":1,"13":1,"14":17,"15":17,"16":17,"17":17,"18":17,"19":17,"20":17,"21":17,"22":17,"23":17,"24":17,"25":17,"26":17,"27":17,"28":5,"29":17,"30":5,"31":25,"32":17,"33":5,"34":42,"35":17,"36":1,"37":1,"38":1,"39":0,"40":1,"41":1,"42":0,"43":17,"44":0,"45":0,"46":0,"47":0,"48":0,"49":0,"50":17,"51":0,"52":0,"53":0,"54":0,"55":0,"56":0,"57":0,"58":0,"59":0,"60":17,"61":0,"62":0,"63":0,"64":0,"65":17,"66":0,"67":0,"68":0,"69":0,"70":0,"71":17,"72":2,"73":2,"74":17,"75":0,"76":0,"77":17,"78":1,"79":1,"80":17,"81":0,"82":17,"83":0,"84":0,"85":17,"86":0,"87":0,"88":0,"89":0,"90":0,"91":17,"92":5,"93":12,"94":4,"95":8,"96":0,"97":8,"98":8,"99":8,"100":8,"101":0,"102":0,"103":0,"104":0,"105":1,"106":1,"107":16,"108":0,"109":0,"110":0,"111":0,"112":0,"113":2,"114":2,"115":0,"116":0,"117":0,"118":0,"119":0,"120":0,"121":0,"122":0,"123":0,"124":0,"125":0,"126":0,"127":0,"128":0,"129":0,"130":0,"131":1},"f":{"0":17,"1":5,"2":5,"3":25,"4":5,"5":42,"6":1,"7":1,"8":0,"9":0,"10":0,"11":0,"12":0,"13":0,"14":0,"15":0,"16":0,"17":0,"18":0,"19":2,"20":0,"21":1,"22":0,"23":0,"24":0,"25":0,"26":0,"27":0,"28":1,"29":16,"30":0,"31":0,"32":0,"33":2,"34":0,"35":0,"36":0,"37":0,"38":0,"39":0,"40":0,"41":0,"42":0,"43":0,"44":0},"b":{"0":[0,1],"1":[1,0],"2":[1,0],"3":[0,0],"4":[0,0],"5":[0,0],"6":[0,0],"7":[0,0],"8":[0,0],"9":[0,0],"10":[1,0],"11":[0,0],"12":[0,0],"13":[0,0],"14":[5,12],"15":[4,8],"16":[0,8],"17":[8,0],"18":[8,8],"19":[8,0],"20":[8,2,2],"21":[0,0],"22":[8,8]}}
,"C:\\Users\\des1d\\Desktop\\groupBWT\\FE\\src\\pages\\gallery\\edit\\editGallery.tsx": {"path":"C:\\Users\\des1d\\Desktop\\groupBWT\\FE\\src\\pages\\gallery\\edit\\editGallery.tsx","statementMap":{"0":{"start":{"line":1,"column":0},"end":{"line":1,"column":78}},"1":{"start":{"line":2,"column":0},"end":{"line":2,"column":59}},"2":{"start":{"line":3,"column":0},"end":{"line":3,"column":null}},"3":{"start":{"line":9,"column":0},"end":{"line":9,"column":58}},"4":{"start":{"line":10,"column":0},"end":{"line":10,"column":34}},"5":{"start":{"line":11,"column":0},"end":{"line":11,"column":42}},"6":{"start":{"line":12,"column":0},"end":{"line":12,"column":null}},"7":{"start":{"line":16,"column":0},"end":{"line":16,"column":54}},"8":{"start":{"line":17,"column":0},"end":{"line":17,"column":65}},"9":{"start":{"line":18,"column":0},"end":{"line":18,"column":63}},"10":{"start":{"line":20,"column":20},"end":{"line":125,"column":1}},"11":{"start":{"line":21,"column":17},"end":{"line":21,"column":44}},"12":{"start":{"line":22,"column":22},"end":{"line":22,"column":38}},"13":{"start":{"line":23,"column":19},"end":{"line":23,"column":32}},"14":{"start":{"line":26,"column":17},"end":{"line":41,"column":4}},"15":{"start":{"line":43,"column":28},"end":{"line":47,"column":4}},"16":{"start":{"line":45,"column":19},"end":{"line":45,"column":37}},"17":{"start":{"line":54,"column":6},"end":{"line":57,"column":4}},"18":{"start":{"line":59,"column":23},"end":{"line":66,"column":4}},"19":{"start":{"line":61,"column":6},"end":{"line":61,"column":30}},"20":{"start":{"line":63,"column":6},"end":{"line":63,"column":66}},"21":{"start":{"line":64,"column":6},"end":{"line":64,"column":41}},"22":{"start":{"line":68,"column":19},"end":{"line":74,"column":3}},"23":{"start":{"line":69,"column":4},"end":{"line":69,"column":20}},"24":{"start":{"line":69,"column":13},"end":{"line":69,"column":20}},"25":{"start":{"line":70,"column":4},"end":{"line":73,"column":7}},"26":{"start":{"line":76,"column":2},"end":{"line":84,"column":23}},"27":{"start":{"line":77,"column":4},"end":{"line":83,"column":5}},"28":{"start":{"line":78,"column":6},"end":{"line":81,"column":9}},"29":{"start":{"line":85,"column":2},"end":{"line":124,"column":4}},"30":{"start":{"line":98,"column":18},"end":{"line":99,"column":null}},"31":{"start":{"line":127,"column":0},"end":{"line":127,"column":27}}},"fnMap":{"0":{"name":"(anonymous_0)","decl":{"start":{"line":20,"column":20},"end":{"line":20,"column":23}},"loc":{"start":{"line":20,"column":25},"end":{"line":125,"column":1}}},"1":{"name":"(anonymous_1)","decl":{"start":{"line":45,"column":13},"end":{"line":45,"column":16}},"loc":{"start":{"line":45,"column":19},"end":{"line":45,"column":37}}},"2":{"name":"(anonymous_2)","decl":{"start":{"line":60,"column":16},"end":{"line":60,"column":17}},"loc":{"start":{"line":61,"column":6},"end":{"line":61,"column":30}}},"3":{"name":"(anonymous_3)","decl":{"start":{"line":62,"column":15},"end":{"line":62,"column":18}},"loc":{"start":{"line":62,"column":20},"end":{"line":65,"column":5}}},"4":{"name":"(anonymous_4)","decl":{"start":{"line":68,"column":19},"end":{"line":68,"column":20}},"loc":{"start":{"line":68,"column":46},"end":{"line":74,"column":3}}},"5":{"name":"(anonymous_5)","decl":{"start":{"line":76,"column":12},"end":{"line":76,"column":15}},"loc":{"start":{"line":76,"column":17},"end":{"line":84,"column":3}}},"6":{"name":"(anonymous_6)","decl":{"start":{"line":97,"column":28},"end":{"line":97,"column":29}},"loc":{"start":{"line":98,"column":18},"end":{"line":99,"column":null}}}},"branchMap":{"0":{"loc":{"start":{"line":69,"column":4},"end":{"line":69,"column":20}},"type":"if","locations":[{"start":{"line":69,"column":4},"end":{"line":69,"column":20}},{"start":{},"end":{}}]},"1":{"loc":{"start":{"line":77,"column":4},"end":{"line":83,"column":5}},"type":"if","locations":[{"start":{"line":77,"column":4},"end":{"line":83,"column":5}},{"start":{},"end":{}}]}},"s":{"0":1,"1":1,"2":1,"3":1,"4":1,"5":1,"6":1,"7":1,"8":1,"9":1,"10":1,"11":22,"12":22,"13":22,"14":22,"15":22,"16":6,"17":22,"18":22,"19":2,"20":2,"21":2,"22":22,"23":2,"24":0,"25":2,"26":22,"27":11,"28":5,"29":22,"30":44,"31":1},"f":{"0":22,"1":6,"2":2,"3":2,"4":2,"5":11,"6":44},"b":{"0":[0,2],"1":[5,6]}}
,"C:\\Users\\des1d\\Desktop\\groupBWT\\FE\\src\\pages\\profile\\profile.tsx": {"path":"C:\\Users\\des1d\\Desktop\\groupBWT\\FE\\src\\pages\\profile\\profile.tsx","statementMap":{"0":{"start":{"line":1,"column":0},"end":{"line":1,"column":44}},"1":{"start":{"line":2,"column":0},"end":{"line":2,"column":42}},"2":{"start":{"line":3,"column":0},"end":{"line":3,"column":54}},"3":{"start":{"line":4,"column":0},"end":{"line":4,"column":62}},"4":{"start":{"line":5,"column":0},"end":{"line":5,"column":63}},"5":{"start":{"line":6,"column":0},"end":{"line":6,"column":80}},"6":{"start":{"line":8,"column":0},"end":{"line":8,"column":59}},"7":{"start":{"line":9,"column":0},"end":{"line":9,"column":65}},"8":{"start":{"line":10,"column":0},"end":{"line":10,"column":73}},"9":{"start":{"line":11,"column":0},"end":{"line":11,"column":59}},"10":{"start":{"line":13,"column":16},"end":{"line":154,"column":1}},"11":{"start":{"line":14,"column":30},"end":{"line":14,"column":50}},"12":{"start":{"line":15,"column":42},"end":{"line":15,"column":54}},"13":{"start":{"line":17,"column":42},"end":{"line":21,"column":4}},"14":{"start":{"line":28,"column":6},"end":{"line":31,"column":4}},"15":{"start":{"line":33,"column":40},"end":{"line":37,"column":4}},"16":{"start":{"line":39,"column":2},"end":{"line":51,"column":24}},"17":{"start":{"line":40,"column":4},"end":{"line":50,"column":5}},"18":{"start":{"line":41,"column":6},"end":{"line":47,"column":9}},"19":{"start":{"line":48,"column":6},"end":{"line":48,"column":38}},"20":{"start":{"line":49,"column":6},"end":{"line":49,"column":29}},"21":{"start":{"line":53,"column":19},"end":{"line":86,"column":4}},"22":{"start":{"line":55,"column":6},"end":{"line":55,"column":34}},"23":{"start":{"line":57,"column":27},"end":{"line":57,"column":59}},"24":{"start":{"line":58,"column":30},"end":{"line":58,"column":50}},"25":{"start":{"line":60,"column":6},"end":{"line":77,"column":7}},"26":{"start":{"line":61,"column":8},"end":{"line":65,"column":11}},"27":{"start":{"line":67,"column":8},"end":{"line":71,"column":11}},"28":{"start":{"line":72,"column":8},"end":{"line":76,"column":11}},"29":{"start":{"line":80,"column":6},"end":{"line":84,"column":9}},"30":{"start":{"line":88,"column":19},"end":{"line":100,"column":3}},"31":{"start":{"line":89,"column":51},"end":{"line":93,"column":6}},"32":{"start":{"line":95,"column":4},"end":{"line":97,"column":5}},"33":{"start":{"line":96,"column":6},"end":{"line":96,"column":44}},"34":{"start":{"line":99,"column":4},"end":{"line":99,"column":34}},"35":{"start":{"line":102,"column":2},"end":{"line":108,"column":3}},"36":{"start":{"line":103,"column":4},"end":{"line":107,"column":6}},"37":{"start":{"line":110,"column":2},"end":{"line":153,"column":4}},"38":{"start":{"line":116,"column":23},"end":{"line":116,"column":79}},"39":{"start":{"line":116,"column":50},"end":{"line":116,"column":77}},"40":{"start":{"line":126,"column":12},"end":{"line":127,"column":null}},"41":{"start":{"line":156,"column":0},"end":{"line":156,"column":23}}},"fnMap":{"0":{"name":"(anonymous_1)","decl":{"start":{"line":13,"column":16},"end":{"line":13,"column":19}},"loc":{"start":{"line":13,"column":21},"end":{"line":154,"column":1}}},"1":{"name":"(anonymous_2)","decl":{"start":{"line":39,"column":12},"end":{"line":39,"column":15}},"loc":{"start":{"line":39,"column":17},"end":{"line":51,"column":3}}},"2":{"name":"(anonymous_3)","decl":{"start":{"line":54,"column":16},"end":{"line":54,"column":17}},"loc":{"start":{"line":55,"column":6},"end":{"line":55,"column":34}}},"3":{"name":"(anonymous_4)","decl":{"start":{"line":56,"column":15},"end":{"line":56,"column":16}},"loc":{"start":{"line":56,"column":36},"end":{"line":78,"column":5}}},"4":{"name":"(anonymous_5)","decl":{"start":{"line":79,"column":13},"end":{"line":79,"column":14}},"loc":{"start":{"line":79,"column":28},"end":{"line":85,"column":5}}},"5":{"name":"(anonymous_6)","decl":{"start":{"line":88,"column":19},"end":{"line":88,"column":20}},"loc":{"start":{"line":88,"column":45},"end":{"line":100,"column":3}}},"6":{"name":"(anonymous_7)","decl":{"start":{"line":116,"column":17},"end":{"line":116,"column":20}},"loc":{"start":{"line":116,"column":23},"end":{"line":116,"column":79}}},"7":{"name":"(anonymous_8)","decl":{"start":{"line":116,"column":39},"end":{"line":116,"column":40}},"loc":{"start":{"line":116,"column":50},"end":{"line":116,"column":77}}},"8":{"name":"(anonymous_9)","decl":{"start":{"line":125,"column":29},"end":{"line":125,"column":30}},"loc":{"start":{"line":126,"column":12},"end":{"line":127,"column":null}}}},"branchMap":{"0":{"loc":{"start":{"line":40,"column":4},"end":{"line":50,"column":5}},"type":"if","locations":[{"start":{"line":40,"column":4},"end":{"line":50,"column":5}},{"start":{},"end":{}}]},"1":{"loc":{"start":{"line":60,"column":6},"end":{"line":77,"column":7}},"type":"if","locations":[{"start":{"line":60,"column":6},"end":{"line":77,"column":7}},{"start":{"line":66,"column":13},"end":{"line":77,"column":7}}]},"2":{"loc":{"start":{"line":60,"column":10},"end":{"line":60,"column":41}},"type":"binary-expr","locations":[{"start":{"line":60,"column":10},"end":{"line":60,"column":22}},{"start":{"line":60,"column":26},"end":{"line":60,"column":41}}]},"3":{"loc":{"start":{"line":81,"column":17},"end":{"line":81,"column":63}},"type":"binary-expr","locations":[{"start":{"line":81,"column":17},"end":{"line":81,"column":46}},{"start":{"line":81,"column":50},"end":{"line":81,"column":63}}]},"4":{"loc":{"start":{"line":95,"column":4},"end":{"line":97,"column":5}},"type":"if","locations":[{"start":{"line":95,"column":4},"end":{"line":97,"column":5}},{"start":{},"end":{}}]},"5":{"loc":{"start":{"line":95,"column":8},"end":{"line":95,"column":49}},"type":"binary-expr","locations":[{"start":{"line":95,"column":8},"end":{"line":95,"column":21}},{"start":{"line":95,"column":25},"end":{"line":95,"column":49}}]},"6":{"loc":{"start":{"line":102,"column":2},"end":{"line":108,"column":3}},"type":"if","locations":[{"start":{"line":102,"column":2},"end":{"line":108,"column":3}},{"start":{},"end":{}}]}},"s":{"0":1,"1":1,"2":1,"3":1,"4":1,"5":1,"6":1,"7":1,"8":1,"9":1,"10":1,"11":30,"12":30,"13":30,"14":30,"15":30,"16":30,"17":12,"18":6,"19":6,"20":6,"21":30,"22":4,"23":3,"24":3,"25":3,"26":1,"27":2,"28":2,"29":1,"30":30,"31":4,"32":4,"33":0,"34":4,"35":30,"36":12,"37":18,"38":1,"39":1,"40":90,"41":1},"f":{"0":30,"1":12,"2":4,"3":3,"4":1,"5":4,"6":1,"7":1,"8":90},"b":{"0":[6,6],"1":[1,2],"2":[3,2],"3":[1,0],"4":[0,4],"5":[4,0],"6":[12,18]}}
}
