TN:
SF:src\api\galleryApi.ts
FN:42,(anonymous_1)
FN:54,(anonymous_2)
FN:62,(anonymous_3)
FN:67,(anonymous_4)
FN:72,(anonymous_5)
FN:77,(anonymous_6)
FN:82,(anonymous_7)
FN:93,(anonymous_8)
FN:98,(anonymous_9)
FN:103,(anonymous_10)
FNF:10
FNH:0
FNDA:0,(anonymous_1)
FNDA:0,(anonymous_2)
FNDA:0,(anonymous_3)
FNDA:0,(anonymous_4)
FNDA:0,(anonymous_5)
FNDA:0,(anonymous_6)
FNDA:0,(anonymous_7)
FNDA:0,(anonymous_8)
FNDA:0,(anonymous_9)
FNDA:0,(anonymous_10)
DA:1,1
DA:42,1
DA:53,0
DA:54,0
DA:55,0
DA:58,0
DA:59,0
DA:62,1
DA:63,0
DA:64,0
DA:67,1
DA:68,0
DA:69,0
DA:72,1
DA:73,0
DA:74,0
DA:77,1
DA:78,0
DA:79,0
DA:82,1
DA:87,0
DA:90,0
DA:93,1
DA:94,0
DA:95,0
DA:98,1
DA:99,0
DA:100,0
DA:103,1
DA:104,0
DA:105,0
LF:31
LH:10
BRDA:55,0,0,0
BRDA:55,0,1,0
BRDA:55,1,0,0
BRDA:55,1,1,0
BRF:4
BRH:0
end_of_record
TN:
SF:src\api\imagesApi.ts
FN:13,(anonymous_1)
FN:15,(anonymous_2)
FNF:2
FNH:0
FNDA:0,(anonymous_1)
FNDA:0,(anonymous_2)
DA:1,1
DA:13,1
DA:14,0
DA:15,0
DA:16,0
DA:18,0
DA:19,0
DA:25,0
LF:8
LH:2
BRF:0
BRH:0
end_of_record
TN:
SF:src\components\routes\ProtectedRoute.tsx
FN:7,(anonymous_0)
FNF:1
FNH:1
FNDA:3,(anonymous_0)
DA:1,1
DA:7,1
DA:8,3
DA:10,3
DA:11,2
DA:14,1
LF:6
LH:6
BRDA:10,0,0,2
BRDA:10,0,1,1
BRF:2
BRH:2
end_of_record
TN:
SF:src\components\routes\PublicRoute.tsx
FN:7,(anonymous_0)
FNF:1
FNH:1
FNDA:2,(anonymous_0)
DA:1,1
DA:7,1
DA:8,2
DA:10,2
DA:11,1
DA:14,1
LF:6
LH:6
BRDA:10,0,0,1
BRDA:10,0,1,1
BRF:2
BRH:2
end_of_record
TN:
SF:src\components\schemas\addGallerySchema.ts
FNF:0
FNH:0
DA:1,2
DA:3,2
LF:2
LH:2
BRF:0
BRH:0
end_of_record
TN:
SF:src\components\schemas\authSchemas.ts
FN:30,(anonymous_0)
FN:37,(anonymous_1)
FN:44,(anonymous_2)
FN:51,(anonymous_3)
FN:61,(anonymous_4)
FN:65,(anonymous_5)
FN:71,(anonymous_6)
FN:139,createFormFields
FN:140,(anonymous_8)
FNF:9
FNH:9
FNDA:18,(anonymous_0)
FNDA:18,(anonymous_1)
FNDA:18,(anonymous_2)
FNDA:18,(anonymous_3)
FNDA:12,(anonymous_4)
FNDA:12,(anonymous_5)
FNDA:6,(anonymous_6)
FNDA:6,createFormFields
FNDA:30,(anonymous_8)
DA:1,3
DA:3,3
DA:11,3
DA:31,18
DA:32,6
DA:38,18
DA:39,6
DA:45,18
DA:46,6
DA:52,18
DA:53,6
DA:60,3
DA:61,12
DA:65,12
DA:70,3
DA:72,6
DA:73,0
DA:75,6
DA:94,3
DA:117,3
DA:125,3
DA:140,30
DA:146,3
DA:147,3
LF:24
LH:23
BRDA:31,0,0,12
BRDA:31,0,1,6
BRDA:31,1,0,18
BRDA:31,1,1,6
BRDA:38,2,0,12
BRDA:38,2,1,6
BRDA:38,3,0,18
BRDA:38,3,1,6
BRDA:45,4,0,12
BRDA:45,4,1,6
BRDA:45,5,0,18
BRDA:45,5,1,6
BRDA:52,6,0,12
BRDA:52,6,1,6
BRDA:52,7,0,18
BRDA:52,7,1,6
BRDA:61,8,0,12
BRDA:61,8,1,6
BRDA:72,9,0,0
BRDA:72,9,1,6
BRDA:72,10,0,6
BRDA:72,10,1,0
BRF:22
BRH:20
end_of_record
TN:
SF:src\components\ui\auth\FormInput.tsx
FN:17,(anonymous_0)
FNF:1
FNH:1
FNDA:235,(anonymous_0)
DA:17,6
DA:29,235
LF:2
LH:2
BRDA:20,0,0,7
BRDA:26,1,0,199
BRDA:27,2,0,199
BRDA:34,3,0,36
BRDA:34,3,1,199
BRDA:39,4,0,0
BRDA:39,4,1,36
BRDA:39,5,0,36
BRDA:39,5,1,0
BRDA:49,6,0,4
BRDA:49,6,1,195
BRDA:49,7,0,199
BRDA:49,7,1,5
BRDA:54,8,0,235
BRDA:54,8,1,5
BRDA:54,8,2,4
BRF:16
BRH:14
end_of_record
TN:
SF:src\components\ui\auth\FormNotification.tsx
FN:11,(anonymous_0)
FNF:1
FNH:1
FNDA:45,(anonymous_0)
DA:2,4
DA:11,4
DA:17,45
DA:19,9
LF:4
LH:4
BRDA:17,0,0,36
BRDA:17,0,1,9
BRDA:23,1,0,5
BRDA:23,1,1,4
BRF:4
BRH:4
end_of_record
TN:
SF:src\components\ui\auth\FormWrapper.tsx
FN:16,(anonymous_0)
FN:46,(anonymous_1)
FNF:2
FNH:1
FNDA:37,(anonymous_0)
FNDA:0,(anonymous_1)
DA:2,3
DA:16,3
DA:23,37
DA:46,0
DA:59,3
LF:5
LH:4
BRDA:21,0,0,0
BRDA:26,1,0,18
BRDA:26,1,1,19
BRDA:31,2,0,37
BRDA:31,2,1,37
BRDA:36,3,0,37
BRDA:36,3,1,37
BRDA:42,4,0,37
BRDA:42,4,1,19
BRF:9
BRH:8
end_of_record
TN:
SF:src\components\ui\auth\GalleryButton.tsx
FN:13,(anonymous_0)
FNF:1
FNH:1
FNDA:200,(anonymous_0)
DA:13,11
DA:22,200
DA:33,200
DA:35,200
LF:4
LH:4
BRDA:14,0,0,199
BRDA:15,1,0,199
BRDA:17,2,0,184
BRDA:19,3,0,197
BRDA:20,4,0,76
BRDA:33,5,0,198
BRDA:33,5,1,2
BRDA:38,6,0,200
BRDA:38,6,1,199
BRDA:48,7,0,1
BRDA:48,7,1,199
BRF:11
BRH:11
end_of_record
TN:
SF:src\components\ui\auth\SubmitButton.tsx
FN:10,(anonymous_0)
FNF:1
FNH:1
FNDA:78,(anonymous_0)
DA:10,6
DA:16,78
LF:2
LH:2
BRDA:11,0,0,5
BRDA:12,1,0,5
BRDA:14,2,0,77
BRDA:19,3,0,78
BRDA:19,3,1,70
BRDA:22,4,0,8
BRDA:22,4,1,70
BRF:7
BRH:7
end_of_record
TN:
SF:src\components\ui\button\backButton.tsx
FN:4,(anonymous_0)
FN:8,(anonymous_1)
FNF:2
FNH:2
FNDA:47,(anonymous_0)
FNDA:3,(anonymous_1)
DA:1,4
DA:2,4
DA:4,4
DA:5,47
DA:6,47
DA:8,3
LF:6
LH:6
BRF:0
BRH:0
end_of_record
TN:
SF:src\components\ui\filters\GalleryFiltersPanel.tsx
FN:17,(anonymous_0)
FN:33,(anonymous_1)
FN:48,(anonymous_2)
FN:87,(anonymous_3)
FN:100,(anonymous_4)
FN:128,(anonymous_5)
FN:131,(anonymous_6)
FN:147,(anonymous_7)
FN:150,(anonymous_8)
FNF:9
FNH:8
FNDA:23,(anonymous_0)
FNDA:23,(anonymous_1)
FNDA:23,(anonymous_2)
FNDA:1,(anonymous_3)
FNDA:1,(anonymous_4)
FNDA:1,(anonymous_5)
FNDA:1,(anonymous_6)
FNDA:0,(anonymous_7)
FNDA:1,(anonymous_8)
DA:2,2
DA:3,2
DA:17,2
DA:18,23
DA:33,2
DA:34,23
DA:48,2
DA:60,23
DA:62,23
DA:66,23
DA:87,1
DA:100,1
DA:129,1
DA:132,1
DA:148,0
DA:151,1
LF:16
LH:15
BRDA:60,0,0,23
BRDA:60,0,1,1
BRDA:60,0,2,1
BRDA:62,1,0,23
BRDA:62,1,1,1
BRDA:62,1,2,1
BRDA:85,2,0,23
BRDA:85,2,1,22
BRDA:87,3,0,1
BRDA:87,3,1,0
BRDA:89,4,0,1
BRDA:89,4,1,22
BRDA:98,5,0,23
BRDA:98,5,1,22
BRDA:100,6,0,1
BRDA:100,6,1,0
BRDA:102,7,0,1
BRDA:102,7,1,22
BRDA:108,8,0,23
BRDA:108,8,1,1
BRDA:127,9,0,23
BRDA:127,9,1,22
BRDA:129,10,0,1
BRDA:129,10,1,1
BRDA:133,11,0,1
BRDA:133,11,1,0
BRDA:137,12,0,1
BRDA:137,12,1,22
BRDA:146,13,0,23
BRDA:146,13,1,22
BRDA:148,14,0,0
BRDA:148,14,1,0
BRDA:152,15,0,1
BRDA:152,15,1,0
BRDA:156,16,0,1
BRDA:156,16,1,22
BRDA:161,17,0,23
BRDA:161,17,1,1
BRF:38
BRH:32
end_of_record
TN:
SF:src\components\ui\filters\GallerySort.tsx
FN:14,(anonymous_0)
FN:20,(anonymous_1)
FN:26,(anonymous_2)
FNF:3
FNH:3
FNDA:19,(anonymous_0)
FNDA:1,(anonymous_1)
FNDA:1,(anonymous_2)
DA:2,2
DA:14,2
DA:20,19
DA:21,19
DA:26,1
LF:5
LH:5
BRDA:20,0,0,1
BRDA:20,0,1,0
BRDA:39,1,0,18
BRDA:39,1,1,1
BRF:4
BRH:3
end_of_record
TN:
SF:src\components\ui\filters\Search.tsx
FN:11,(anonymous_0)
FN:17,(anonymous_1)
FNF:2
FNH:2
FNDA:19,(anonymous_0)
FNDA:2,(anonymous_1)
DA:2,2
DA:3,2
DA:11,2
DA:12,19
DA:17,2
DA:29,2
LF:6
LH:6
BRDA:23,0,0,5
BRDA:23,0,1,14
BRF:2
BRH:2
end_of_record
TN:
SF:src\components\ui\input\CustomFileInput.tsx
FN:10,(anonymous_0)
FN:24,(anonymous_1)
FNF:2
FNH:2
FNDA:15,(anonymous_0)
FNDA:6,(anonymous_1)
DA:10,3
DA:16,15
DA:24,6
LF:3
LH:3
BRDA:24,0,0,6
BRDA:24,0,1,5
BRF:2
BRH:2
end_of_record
TN:
SF:src\components\ui\input\CustomInput.tsx
FN:9,(anonymous_0)
FNF:1
FNH:1
FNDA:117,(anonymous_0)
DA:9,4
DA:15,117
LF:2
LH:2
BRDA:17,0,0,117
BRDA:17,0,1,93
BRDA:24,1,0,5
BRDA:24,1,1,112
BRDA:24,2,0,117
BRDA:24,2,1,97
BRDA:26,3,0,117
BRDA:26,3,1,5
BRF:8
BRH:8
end_of_record
TN:
SF:src\components\ui\modal\ImageTransferModal.tsx
FN:16,(anonymous_0)
FN:43,(anonymous_1)
FN:47,(anonymous_2)
FN:48,(anonymous_3)
FNF:4
FNH:4
FNDA:14,(anonymous_0)
FNDA:1,(anonymous_1)
FNDA:15,(anonymous_2)
FNDA:10,(anonymous_3)
DA:2,2
DA:16,2
DA:27,14
DA:30,5
DA:34,5
DA:35,5
DA:37,5
DA:43,1
DA:47,15
DA:49,10
LF:10
LH:10
BRDA:27,0,0,9
BRDA:27,0,1,5
BRDA:30,1,0,5
BRDA:30,1,1,0
BRDA:34,2,0,5
BRDA:34,2,1,0
BRDA:35,3,0,5
BRDA:35,3,1,0
BRDA:59,4,0,5
BRDA:59,4,1,1
BRDA:61,5,0,1
BRDA:61,5,1,4
BRF:12
BRH:9
end_of_record
TN:
SF:src\components\ui\modal\UploadImagesModal.tsx
FN:18,(anonymous_0)
FN:46,(anonymous_1)
FN:48,(anonymous_2)
FN:93,(anonymous_3)
FN:106,(anonymous_4)
FNF:5
FNH:5
FNDA:17,(anonymous_0)
FNDA:3,(anonymous_1)
FNDA:3,(anonymous_2)
FNDA:4,(anonymous_3)
FNDA:1,(anonymous_4)
DA:1,2
DA:2,2
DA:5,2
DA:6,2
DA:18,2
DA:27,17
DA:28,9
DA:29,9
DA:31,9
DA:47,3
DA:48,3
DA:49,3
DA:50,1
DA:56,1
DA:59,2
DA:60,1
DA:66,1
DA:69,1
DA:75,3
DA:76,1
DA:94,4
DA:106,1
LF:22
LH:22
BRDA:27,0,0,8
BRDA:27,0,1,9
BRDA:49,1,0,1
BRDA:49,1,1,2
BRDA:59,2,0,1
BRDA:59,2,1,1
BRDA:75,3,0,1
BRDA:75,3,1,2
BRDA:86,4,0,9
BRDA:86,4,1,3
BRDA:128,5,0,9
BRDA:128,5,1,3
BRDA:131,6,0,1
BRDA:131,6,1,8
BRF:14
BRH:14
end_of_record
TN:
SF:src\components\ui\modal\corfirmDelete.tsx
FN:9,(anonymous_0)
FNF:1
FNH:1
FNDA:9,(anonymous_0)
DA:1,3
DA:9,3
DA:10,9
LF:3
LH:3
BRF:0
BRH:0
end_of_record
TN:
SF:src\lib\axios.ts
FN:9,(anonymous_1)
FN:18,(anonymous_2)
FN:24,(anonymous_3)
FN:28,(anonymous_4)
FNF:4
FNH:3
FNDA:3,(anonymous_1)
FNDA:0,(anonymous_2)
FNDA:2,(anonymous_3)
FNDA:1,(anonymous_4)
DA:1,4
DA:3,4
DA:8,4
DA:10,3
DA:12,3
DA:13,3
DA:14,2
DA:16,3
DA:19,0
DA:23,4
DA:25,2
DA:26,2
DA:29,1
DA:35,1
DA:36,1
DA:37,1
DA:38,1
DA:39,1
DA:43,1
DA:47,1
DA:51,4
LF:21
LH:20
BRDA:13,0,0,2
BRDA:13,0,1,1
BRDA:35,1,0,1
BRDA:35,1,1,0
BRDA:39,2,0,1
BRDA:39,2,1,0
BRDA:40,3,0,1
BRDA:40,3,1,1
BRF:8
BRH:6
end_of_record
TN:
SF:src\lib\getFileUrl.ts
FN:3,(anonymous_1)
FN:11,(anonymous_2)
FNF:2
FNH:2
FNDA:2,(anonymous_1)
FNDA:21,(anonymous_2)
DA:1,2
DA:3,2
DA:4,2
DA:6,2
DA:8,2
DA:11,2
DA:12,21
DA:14,4
DA:18,4
LF:9
LH:9
BRDA:6,0,0,0
BRDA:6,0,1,2
BRDA:12,1,0,17
BRDA:12,1,1,4
BRDA:14,2,0,3
BRDA:14,2,1,1
BRF:6
BRH:5
end_of_record
TN:
SF:src\pages\auth\login\login.tsx
FN:14,(anonymous_1)
FN:34,(anonymous_2)
FN:41,(anonymous_3)
FN:43,(anonymous_4)
FN:52,(anonymous_5)
FN:56,(anonymous_6)
FN:62,(anonymous_7)
FN:75,(anonymous_8)
FN:75,(anonymous_9)
FN:85,(anonymous_10)
FNF:10
FNH:6
FNDA:9,(anonymous_1)
FNDA:1,(anonymous_2)
FNDA:1,(anonymous_3)
FNDA:1,(anonymous_4)
FNDA:3,(anonymous_5)
FNDA:3,(anonymous_6)
FNDA:0,(anonymous_7)
FNDA:0,(anonymous_8)
FNDA:0,(anonymous_9)
FNDA:0,(anonymous_10)
DA:1,1
DA:2,1
DA:3,1
DA:4,1
DA:5,1
DA:6,1
DA:7,1
DA:9,1
DA:10,1
DA:11,1
DA:12,1
DA:14,1
DA:15,9
DA:21,9
DA:26,9
DA:32,9
DA:35,1
DA:36,1
DA:41,1
DA:44,1
DA:52,9
DA:53,3
DA:56,9
DA:57,3
DA:58,3
DA:59,3
DA:62,9
DA:63,0
DA:64,0
DA:65,0
DA:69,9
DA:75,0
DA:85,0
DA:120,1
LF:34
LH:29
BRDA:45,0,0,1
BRDA:45,0,1,0
BRDA:63,1,0,0
BRDA:63,1,1,0
BRF:4
BRH:1
end_of_record
TN:
SF:src\pages\auth\register\register.tsx
FN:14,(anonymous_1)
FN:34,(anonymous_2)
FN:41,(anonymous_3)
FN:43,(anonymous_4)
FN:52,(anonymous_5)
FN:74,(anonymous_6)
FN:74,(anonymous_7)
FN:83,(anonymous_8)
FN:87,(anonymous_9)
FNF:9
FNH:6
FNDA:11,(anonymous_1)
FNDA:1,(anonymous_2)
FNDA:1,(anonymous_3)
FNDA:1,(anonymous_4)
FNDA:2,(anonymous_5)
FNDA:0,(anonymous_6)
FNDA:0,(anonymous_7)
FNDA:0,(anonymous_8)
FNDA:50,(anonymous_9)
DA:1,1
DA:2,1
DA:3,1
DA:4,1
DA:5,1
DA:6,1
DA:7,1
DA:9,1
DA:10,1
DA:11,1
DA:12,1
DA:14,1
DA:15,11
DA:21,11
DA:26,10
DA:32,10
DA:35,1
DA:36,1
DA:41,1
DA:44,1
DA:52,10
DA:53,2
DA:54,0
DA:57,2
DA:65,2
DA:68,10
DA:74,0
DA:83,0
DA:88,50
DA:112,1
LF:30
LH:27
BRDA:45,0,0,1
BRDA:45,0,1,0
BRDA:53,1,0,0
BRDA:53,1,1,2
BRF:4
BRH:2
end_of_record
TN:
SF:src\pages\gallery\gallery.tsx
FN:14,(anonymous_1)
FN:35,(anonymous_2)
FN:36,(anonymous_3)
FN:37,(anonymous_4)
FN:40,(anonymous_5)
FN:56,(anonymous_6)
FN:68,(anonymous_7)
FN:72,(anonymous_8)
FN:73,(anonymous_9)
FN:83,(anonymous_10)
FN:88,(anonymous_11)
FN:93,(anonymous_12)
FN:99,(anonymous_13)
FN:103,(anonymous_14)
FN:111,(anonymous_15)
FN:142,(anonymous_16)
FN:174,(anonymous_17)
FN:184,(anonymous_18)
FN:206,(anonymous_19)
FN:220,(anonymous_20)
FN:225,(anonymous_21)
FN:230,(anonymous_22)
FN:240,(anonymous_23)
FN:248,(anonymous_24)
FNF:24
FNH:17
FNDA:28,(anonymous_1)
FNDA:8,(anonymous_2)
FNDA:1,(anonymous_3)
FNDA:8,(anonymous_4)
FNDA:8,(anonymous_5)
FNDA:10,(anonymous_6)
FNDA:40,(anonymous_7)
FNDA:1,(anonymous_8)
FNDA:1,(anonymous_9)
FNDA:0,(anonymous_10)
FNDA:1,(anonymous_11)
FNDA:1,(anonymous_12)
FNDA:0,(anonymous_13)
FNDA:1,(anonymous_14)
FNDA:0,(anonymous_15)
FNDA:0,(anonymous_16)
FNDA:0,(anonymous_17)
FNDA:1,(anonymous_18)
FNDA:1,(anonymous_19)
FNDA:42,(anonymous_20)
FNDA:0,(anonymous_21)
FNDA:1,(anonymous_22)
FNDA:0,(anonymous_23)
FNDA:1,(anonymous_24)
DA:1,1
DA:3,1
DA:4,1
DA:5,1
DA:6,1
DA:7,1
DA:8,1
DA:9,1
DA:10,1
DA:11,1
DA:12,1
DA:14,1
DA:15,28
DA:16,28
DA:17,28
DA:18,28
DA:19,28
DA:20,28
DA:23,28
DA:24,28
DA:27,28
DA:28,28
DA:29,28
DA:30,28
DA:31,28
DA:32,28
DA:33,28
DA:35,28
DA:36,8
DA:37,8
DA:40,28
DA:41,8
DA:44,28
DA:57,10
DA:68,40
DA:71,28
DA:72,1
DA:74,1
DA:75,1
DA:76,1
DA:77,0
DA:80,1
DA:81,1
DA:84,0
DA:88,28
DA:89,1
DA:90,1
DA:93,28
DA:94,1
DA:95,1
DA:99,28
DA:100,0
DA:101,0
DA:103,28
DA:104,1
DA:105,1
DA:106,1
DA:107,1
DA:108,1
DA:111,28
DA:112,0
DA:113,0
DA:116,28
DA:117,7
DA:124,21
DA:142,0
DA:174,0
DA:184,1
DA:206,1
DA:221,42
DA:225,0
DA:230,1
DA:241,0
DA:242,0
DA:249,1
DA:250,1
DA:302,1
LF:77
LH:66
BRDA:75,0,0,1
BRDA:75,0,1,0
BRDA:76,1,0,0
BRDA:76,1,1,1
BRDA:76,2,0,1
BRDA:76,2,1,0
BRDA:94,3,0,1
BRDA:94,3,1,0
BRDA:116,4,0,7
BRDA:116,4,1,21
BRDA:116,5,0,28
BRDA:116,5,1,7
BRDA:217,6,0,0
BRDA:217,6,1,21
BRDA:217,7,0,21
BRDA:217,7,1,21
BRDA:278,8,0,21
BRDA:278,8,1,0
BRDA:288,9,0,21
BRDA:288,9,1,1
BRDA:288,9,2,1
BRF:21
BRH:15
end_of_record
TN:
SF:src\pages\gallery\add\addGallery.tsx
FN:14,(anonymous_0)
FN:46,(anonymous_1)
FN:53,(anonymous_2)
FN:69,(anonymous_3)
FNF:4
FNH:4
FNDA:13,(anonymous_0)
FNDA:1,(anonymous_1)
FNDA:2,(anonymous_2)
FNDA:26,(anonymous_3)
DA:1,1
DA:2,1
DA:3,1
DA:4,1
DA:5,1
DA:9,1
DA:10,1
DA:11,1
DA:12,1
DA:14,1
DA:15,13
DA:16,13
DA:17,13
DA:39,13
DA:44,13
DA:47,1
DA:48,1
DA:49,1
DA:53,13
DA:54,2
DA:57,13
DA:70,26
DA:99,1
LF:23
LH:23
BRF:0
BRH:0
end_of_record
TN:
SF:src\pages\gallery\details\detailsGallery.tsx
FN:39,(anonymous_0)
FN:69,(anonymous_1)
FN:75,(anonymous_2)
FN:76,(anonymous_3)
FN:85,(anonymous_4)
FN:86,(anonymous_5)
FN:92,(anonymous_6)
FN:93,(anonymous_7)
FN:105,(anonymous_8)
FN:110,(anonymous_9)
FN:113,(anonymous_10)
FN:125,(anonymous_11)
FN:135,(anonymous_12)
FN:137,(anonymous_13)
FN:153,(anonymous_14)
FN:159,(anonymous_15)
FN:161,(anonymous_16)
FN:167,(anonymous_17)
FN:172,(anonymous_18)
FN:185,(anonymous_19)
FN:190,(anonymous_20)
FN:195,(anonymous_21)
FN:200,(anonymous_22)
FN:208,(anonymous_23)
FN:217,(anonymous_24)
FN:257,(anonymous_25)
FN:257,(anonymous_26)
FN:281,(anonymous_27)
FN:290,(anonymous_28)
FN:303,(anonymous_29)
FN:307,(anonymous_30)
FN:316,(anonymous_31)
FN:324,(anonymous_32)
FN:332,(anonymous_33)
FN:360,(anonymous_34)
FN:366,(anonymous_35)
FN:386,(anonymous_36)
FN:387,(anonymous_37)
FN:391,(anonymous_38)
FN:391,(anonymous_39)
FN:392,(anonymous_40)
FN:394,(anonymous_41)
FN:394,(anonymous_42)
FN:396,(anonymous_43)
FN:400,(anonymous_44)
FNF:45
FNH:13
FNDA:17,(anonymous_0)
FNDA:5,(anonymous_1)
FNDA:5,(anonymous_2)
FNDA:25,(anonymous_3)
FNDA:5,(anonymous_4)
FNDA:42,(anonymous_5)
FNDA:1,(anonymous_6)
FNDA:1,(anonymous_7)
FNDA:0,(anonymous_8)
FNDA:0,(anonymous_9)
FNDA:0,(anonymous_10)
FNDA:0,(anonymous_11)
FNDA:0,(anonymous_12)
FNDA:0,(anonymous_13)
FNDA:0,(anonymous_14)
FNDA:0,(anonymous_15)
FNDA:0,(anonymous_16)
FNDA:0,(anonymous_17)
FNDA:0,(anonymous_18)
FNDA:2,(anonymous_19)
FNDA:0,(anonymous_20)
FNDA:1,(anonymous_21)
FNDA:0,(anonymous_22)
FNDA:0,(anonymous_23)
FNDA:0,(anonymous_24)
FNDA:0,(anonymous_25)
FNDA:0,(anonymous_26)
FNDA:0,(anonymous_27)
FNDA:1,(anonymous_28)
FNDA:16,(anonymous_29)
FNDA:0,(anonymous_30)
FNDA:0,(anonymous_31)
FNDA:0,(anonymous_32)
FNDA:2,(anonymous_33)
FNDA:0,(anonymous_34)
FNDA:0,(anonymous_35)
FNDA:0,(anonymous_36)
FNDA:0,(anonymous_37)
FNDA:0,(anonymous_38)
FNDA:0,(anonymous_39)
FNDA:0,(anonymous_40)
FNDA:0,(anonymous_41)
FNDA:0,(anonymous_42)
FNDA:0,(anonymous_43)
FNDA:0,(anonymous_44)
DA:1,1
DA:2,1
DA:10,1
DA:15,1
DA:16,1
DA:17,1
DA:24,1
DA:26,1
DA:33,1
DA:34,1
DA:35,1
DA:36,1
DA:37,1
DA:39,1
DA:40,17
DA:41,17
DA:42,17
DA:43,17
DA:44,17
DA:45,17
DA:46,17
DA:47,17
DA:48,17
DA:57,17
DA:58,17
DA:59,17
DA:61,17
DA:67,17
DA:69,5
DA:73,17
DA:75,5
DA:76,25
DA:83,17
DA:85,5
DA:86,42
DA:91,17
DA:92,1
DA:94,1
DA:98,1
DA:99,0
DA:102,1
DA:103,1
DA:106,0
DA:109,17
DA:111,0
DA:114,0
DA:117,0
DA:122,0
DA:123,0
DA:126,0
DA:134,17
DA:136,0
DA:138,0
DA:141,0
DA:145,0
DA:146,0
DA:147,0
DA:150,0
DA:151,0
DA:154,0
DA:158,17
DA:160,0
DA:162,0
DA:165,0
DA:168,0
DA:172,17
DA:173,0
DA:177,0
DA:178,0
DA:179,0
DA:182,0
DA:185,17
DA:186,2
DA:187,2
DA:190,17
DA:191,0
DA:192,0
DA:195,17
DA:196,1
DA:197,1
DA:200,17
DA:201,0
DA:208,17
DA:209,0
DA:214,0
DA:217,17
DA:218,0
DA:219,0
DA:224,0
DA:225,0
DA:227,0
DA:232,17
DA:233,5
DA:236,12
DA:237,4
DA:240,8
DA:241,0
DA:244,8
DA:245,8
DA:246,8
DA:248,8
DA:257,0
DA:282,0
DA:283,0
DA:291,1
DA:292,1
DA:304,16
DA:307,0
DA:317,0
DA:318,0
DA:325,0
DA:326,0
DA:333,2
DA:334,2
DA:360,0
DA:366,0
DA:387,0
DA:388,0
DA:389,0
DA:391,0
DA:393,0
DA:394,0
DA:397,0
DA:399,0
DA:400,0
DA:421,1
LF:126
LH:70
BRDA:98,0,0,0
BRDA:98,0,1,1
BRDA:98,1,0,1
BRDA:98,1,1,0
BRDA:98,2,0,1
BRDA:98,2,1,0
BRDA:127,3,0,0
BRDA:127,3,1,0
BRDA:146,4,0,0
BRDA:146,4,1,0
BRDA:146,5,0,0
BRDA:146,5,1,0
BRDA:146,6,0,0
BRDA:146,6,1,0
BRDA:178,7,0,0
BRDA:178,7,1,0
BRDA:178,8,0,0
BRDA:178,8,1,0
BRDA:178,9,0,0
BRDA:178,9,1,0
BRDA:196,10,0,1
BRDA:196,10,1,0
BRDA:218,11,0,0
BRDA:218,11,1,0
BRDA:218,12,0,0
BRDA:218,12,1,0
BRDA:224,13,0,0
BRDA:224,13,1,0
BRDA:232,14,0,5
BRDA:232,14,1,12
BRDA:236,15,0,4
BRDA:236,15,1,8
BRDA:240,16,0,0
BRDA:240,16,1,8
BRDA:245,17,0,8
BRDA:245,17,1,0
BRDA:246,18,0,8
BRDA:246,18,1,8
BRDA:357,19,0,8
BRDA:357,19,1,0
BRDA:371,20,0,8
BRDA:371,20,1,2
BRDA:371,20,2,2
BRDA:397,21,0,0
BRDA:397,21,1,0
BRDA:410,22,0,8
BRDA:410,22,1,8
BRF:47
BRH:18
end_of_record
TN:
SF:src\pages\gallery\edit\editGallery.tsx
FN:20,(anonymous_0)
FN:45,(anonymous_1)
FN:60,(anonymous_2)
FN:62,(anonymous_3)
FN:68,(anonymous_4)
FN:76,(anonymous_5)
FN:97,(anonymous_6)
FNF:7
FNH:7
FNDA:22,(anonymous_0)
FNDA:6,(anonymous_1)
FNDA:2,(anonymous_2)
FNDA:2,(anonymous_3)
FNDA:2,(anonymous_4)
FNDA:11,(anonymous_5)
FNDA:44,(anonymous_6)
DA:1,1
DA:2,1
DA:3,1
DA:9,1
DA:10,1
DA:11,1
DA:12,1
DA:16,1
DA:17,1
DA:18,1
DA:20,1
DA:21,22
DA:22,22
DA:23,22
DA:26,22
DA:43,22
DA:45,6
DA:54,22
DA:59,22
DA:61,2
DA:63,2
DA:64,2
DA:68,22
DA:69,2
DA:70,2
DA:76,22
DA:77,11
DA:78,5
DA:85,22
DA:98,44
DA:127,1
LF:31
LH:31
BRDA:69,0,0,0
BRDA:69,0,1,2
BRDA:77,1,0,5
BRDA:77,1,1,6
BRF:4
BRH:3
end_of_record
TN:
SF:src\pages\profile\profile.tsx
FN:13,(anonymous_1)
FN:39,(anonymous_2)
FN:54,(anonymous_3)
FN:56,(anonymous_4)
FN:79,(anonymous_5)
FN:88,(anonymous_6)
FN:116,(anonymous_7)
FN:116,(anonymous_8)
FN:125,(anonymous_9)
FNF:9
FNH:9
FNDA:30,(anonymous_1)
FNDA:12,(anonymous_2)
FNDA:4,(anonymous_3)
FNDA:3,(anonymous_4)
FNDA:1,(anonymous_5)
FNDA:4,(anonymous_6)
FNDA:1,(anonymous_7)
FNDA:1,(anonymous_8)
FNDA:90,(anonymous_9)
DA:1,1
DA:2,1
DA:3,1
DA:4,1
DA:5,1
DA:6,1
DA:8,1
DA:9,1
DA:10,1
DA:11,1
DA:13,1
DA:14,30
DA:15,30
DA:17,30
DA:28,30
DA:33,30
DA:39,30
DA:40,12
DA:41,6
DA:48,6
DA:49,6
DA:53,30
DA:55,4
DA:57,3
DA:58,3
DA:60,3
DA:61,1
DA:67,2
DA:72,2
DA:80,1
DA:88,30
DA:89,4
DA:95,4
DA:96,0
DA:99,4
DA:102,30
DA:103,12
DA:110,18
DA:116,1
DA:126,90
DA:156,1
LF:41
LH:40
BRDA:40,0,0,6
BRDA:40,0,1,6
BRDA:60,1,0,1
BRDA:60,1,1,2
BRDA:60,2,0,3
BRDA:60,2,1,2
BRDA:81,3,0,1
BRDA:81,3,1,0
BRDA:95,4,0,0
BRDA:95,4,1,4
BRDA:95,5,0,4
BRDA:95,5,1,0
BRDA:102,6,0,12
BRDA:102,6,1,18
BRF:14
BRH:11
end_of_record
